2023-03-13 21:38:26,543 INFO [main][SpringApplication.java:655] - The following profiles are active: dev
2023-03-13 21:38:26,543 INFO [main][SpringApplication.java:655] - The following profiles are active: dev
2023-03-13 21:38:27,379 INFO [main][GenericScope.java:295] - BeanFactory id=d2896983-bab8-3a05-9d4e-dbd5b81503f3
2023-03-13 21:38:27,379 INFO [main][GenericScope.java:295] - BeanFactory id=d2896983-bab8-3a05-9d4e-dbd5b81503f3
2023-03-13 21:38:27,478 INFO [main][PostProcessorRegistrationDelegate.java:335] - Bean 'org.springframework.cloud.client.loadbalancer.reactive.LoadBalancerBeanPostProcessorAutoConfiguration' of type [org.springframework.cloud.client.loadbalancer.reactive.LoadBalancerBeanPostProcessorAutoConfiguration] is not eligible for getting processed by all BeanPostProcessors (for example: not eligible for auto-proxying)
2023-03-13 21:38:27,478 INFO [main][PostProcessorRegistrationDelegate.java:335] - Bean 'org.springframework.cloud.client.loadbalancer.reactive.LoadBalancerBeanPostProcessorAutoConfiguration' of type [org.springframework.cloud.client.loadbalancer.reactive.LoadBalancerBeanPostProcessorAutoConfiguration] is not eligible for getting processed by all BeanPostProcessors (for example: not eligible for auto-proxying)
2023-03-13 21:38:27,483 INFO [main][PostProcessorRegistrationDelegate.java:335] - Bean 'org.springframework.cloud.client.loadbalancer.reactive.LoadBalancerBeanPostProcessorAutoConfiguration$ReactiveLoadBalancerConfig' of type [org.springframework.cloud.client.loadbalancer.reactive.LoadBalancerBeanPostProcessorAutoConfiguration$ReactiveLoadBalancerConfig] is not eligible for getting processed by all BeanPostProcessors (for example: not eligible for auto-proxying)
2023-03-13 21:38:27,483 INFO [main][PostProcessorRegistrationDelegate.java:335] - Bean 'org.springframework.cloud.client.loadbalancer.reactive.LoadBalancerBeanPostProcessorAutoConfiguration$ReactiveLoadBalancerConfig' of type [org.springframework.cloud.client.loadbalancer.reactive.LoadBalancerBeanPostProcessorAutoConfiguration$ReactiveLoadBalancerConfig] is not eligible for getting processed by all BeanPostProcessors (for example: not eligible for auto-proxying)
2023-03-13 21:38:27,494 INFO [main][PostProcessorRegistrationDelegate.java:335] - Bean 'deferringLoadBalancerExchangeFilterFunction' of type [org.springframework.cloud.client.loadbalancer.reactive.DeferringLoadBalancerExchangeFilterFunction] is not eligible for getting processed by all BeanPostProcessors (for example: not eligible for auto-proxying)
2023-03-13 21:38:27,494 INFO [main][PostProcessorRegistrationDelegate.java:335] - Bean 'deferringLoadBalancerExchangeFilterFunction' of type [org.springframework.cloud.client.loadbalancer.reactive.DeferringLoadBalancerExchangeFilterFunction] is not eligible for getting processed by all BeanPostProcessors (for example: not eligible for auto-proxying)
2023-03-13 21:38:27,530 DEBUG [main][Loggers.java:249] - Using Slf4j logging framework
2023-03-13 21:38:27,530 DEBUG [main][Loggers.java:249] - Using Slf4j logging framework
2023-03-13 21:38:27,560 DEBUG [main][InternalLoggerFactory.java:45] - Using SLF4J as the default logging framework
2023-03-13 21:38:27,560 DEBUG [main][InternalLoggerFactory.java:45] - Using SLF4J as the default logging framework
2023-03-13 21:38:27,561 DEBUG [main][PlatformDependent.java:1036] - Platform: Windows
2023-03-13 21:38:27,561 DEBUG [main][PlatformDependent.java:1036] - Platform: Windows
2023-03-13 21:38:27,566 DEBUG [main][PlatformDependent0.java:417] - -Dio.netty.noUnsafe: false
2023-03-13 21:38:27,566 DEBUG [main][PlatformDependent0.java:417] - -Dio.netty.noUnsafe: false
2023-03-13 21:38:27,568 DEBUG [main][PlatformDependent0.java:897] - Java version: 8
2023-03-13 21:38:27,568 DEBUG [main][PlatformDependent0.java:897] - Java version: 8
2023-03-13 21:38:27,570 DEBUG [main][PlatformDependent0.java:130] - sun.misc.Unsafe.theUnsafe: available
2023-03-13 21:38:27,570 DEBUG [main][PlatformDependent0.java:130] - sun.misc.Unsafe.theUnsafe: available
2023-03-13 21:38:27,571 DEBUG [main][PlatformDependent0.java:154] - sun.misc.Unsafe.copyMemory: available
2023-03-13 21:38:27,571 DEBUG [main][PlatformDependent0.java:154] - sun.misc.Unsafe.copyMemory: available
2023-03-13 21:38:27,572 DEBUG [main][PlatformDependent0.java:192] - java.nio.Buffer.address: available
2023-03-13 21:38:27,572 DEBUG [main][PlatformDependent0.java:192] - java.nio.Buffer.address: available
2023-03-13 21:38:27,574 DEBUG [main][PlatformDependent0.java:257] - direct buffer constructor: available
2023-03-13 21:38:27,574 DEBUG [main][PlatformDependent0.java:257] - direct buffer constructor: available
2023-03-13 21:38:27,575 DEBUG [main][PlatformDependent0.java:331] - java.nio.Bits.unaligned: available, true
2023-03-13 21:38:27,575 DEBUG [main][PlatformDependent0.java:331] - java.nio.Bits.unaligned: available, true
2023-03-13 21:38:27,576 DEBUG [main][PlatformDependent0.java:396] - jdk.internal.misc.Unsafe.allocateUninitializedArray(int): unavailable prior to Java9
2023-03-13 21:38:27,576 DEBUG [main][PlatformDependent0.java:396] - jdk.internal.misc.Unsafe.allocateUninitializedArray(int): unavailable prior to Java9
2023-03-13 21:38:27,576 DEBUG [main][PlatformDependent0.java:403] - java.nio.DirectByteBuffer.<init>(long, int): available
2023-03-13 21:38:27,576 DEBUG [main][PlatformDependent0.java:403] - java.nio.DirectByteBuffer.<init>(long, int): available
2023-03-13 21:38:27,576 DEBUG [main][PlatformDependent.java:1079] - sun.misc.Unsafe: available
2023-03-13 21:38:27,576 DEBUG [main][PlatformDependent.java:1079] - sun.misc.Unsafe: available
2023-03-13 21:38:27,577 DEBUG [main][PlatformDependent.java:1200] - -Dio.netty.tmpdir: C:\Users\ZGASQ\AppData\Local\Temp (java.io.tmpdir)
2023-03-13 21:38:27,577 DEBUG [main][PlatformDependent.java:1200] - -Dio.netty.tmpdir: C:\Users\ZGASQ\AppData\Local\Temp (java.io.tmpdir)
2023-03-13 21:38:27,578 DEBUG [main][PlatformDependent.java:1279] - -Dio.netty.bitMode: 64 (sun.arch.data.model)
2023-03-13 21:38:27,578 DEBUG [main][PlatformDependent.java:1279] - -Dio.netty.bitMode: 64 (sun.arch.data.model)
2023-03-13 21:38:27,579 DEBUG [main][PlatformDependent.java:177] - -Dio.netty.maxDirectMemory: 3666870272 bytes
2023-03-13 21:38:27,579 DEBUG [main][PlatformDependent.java:177] - -Dio.netty.maxDirectMemory: 3666870272 bytes
2023-03-13 21:38:27,579 DEBUG [main][PlatformDependent.java:184] - -Dio.netty.uninitializedArrayAllocationThreshold: -1
2023-03-13 21:38:27,579 DEBUG [main][PlatformDependent.java:184] - -Dio.netty.uninitializedArrayAllocationThreshold: -1
2023-03-13 21:38:27,581 DEBUG [main][CleanerJava6.java:92] - java.nio.ByteBuffer.cleaner(): available
2023-03-13 21:38:27,581 DEBUG [main][CleanerJava6.java:92] - java.nio.ByteBuffer.cleaner(): available
2023-03-13 21:38:27,582 DEBUG [main][PlatformDependent.java:204] - -Dio.netty.noPreferDirect: false
2023-03-13 21:38:27,582 DEBUG [main][PlatformDependent.java:204] - -Dio.netty.noPreferDirect: false
2023-03-13 21:38:27,585 DEBUG [main][Loggers.java:254] - [http] resources will use the default LoopResources: DefaultLoopResources {prefix=reactor-http, daemon=true, selectCount=16, workerCount=16}
2023-03-13 21:38:27,585 DEBUG [main][Loggers.java:254] - [http] resources will use the default LoopResources: DefaultLoopResources {prefix=reactor-http, daemon=true, selectCount=16, workerCount=16}
2023-03-13 21:38:27,586 DEBUG [main][Loggers.java:254] - [http] resources will use the default ConnectionProvider: reactor.netty.resources.PooledConnectionProvider@25aeb5ac
2023-03-13 21:38:27,586 DEBUG [main][Loggers.java:254] - [http] resources will use the default ConnectionProvider: reactor.netty.resources.PooledConnectionProvider@25aeb5ac
2023-03-13 21:38:27,674 WARN [main][URLConfigurationSource.java:121] - No URLs will be polled as dynamic configuration sources.
2023-03-13 21:38:27,674 WARN [main][URLConfigurationSource.java:121] - No URLs will be polled as dynamic configuration sources.
2023-03-13 21:38:27,675 INFO [main][URLConfigurationSource.java:122] - To enable URLs as dynamic configuration sources, define System property archaius.configurationSource.additionalUrls or make config.properties available on classpath.
2023-03-13 21:38:27,675 INFO [main][URLConfigurationSource.java:122] - To enable URLs as dynamic configuration sources, define System property archaius.configurationSource.additionalUrls or make config.properties available on classpath.
2023-03-13 21:38:27,686 WARN [main][URLConfigurationSource.java:121] - No URLs will be polled as dynamic configuration sources.
2023-03-13 21:38:27,686 WARN [main][URLConfigurationSource.java:121] - No URLs will be polled as dynamic configuration sources.
2023-03-13 21:38:27,687 INFO [main][URLConfigurationSource.java:122] - To enable URLs as dynamic configuration sources, define System property archaius.configurationSource.additionalUrls or make config.properties available on classpath.
2023-03-13 21:38:27,687 INFO [main][URLConfigurationSource.java:122] - To enable URLs as dynamic configuration sources, define System property archaius.configurationSource.additionalUrls or make config.properties available on classpath.
2023-03-13 21:38:27,833 DEBUG [main][ResourceBundleMessageInterpolator.java:172] - Loaded expression factory via original TCCL
2023-03-13 21:38:27,833 DEBUG [main][ResourceBundleMessageInterpolator.java:172] - Loaded expression factory via original TCCL
2023-03-13 21:38:27,853 DEBUG [main][AbstractConfigurationImpl.java:171] - Setting custom MessageInterpolator of type org.springframework.validation.beanvalidation.LocaleContextMessageInterpolator
2023-03-13 21:38:27,853 DEBUG [main][AbstractConfigurationImpl.java:171] - Setting custom MessageInterpolator of type org.springframework.validation.beanvalidation.LocaleContextMessageInterpolator
2023-03-13 21:38:27,854 DEBUG [main][AbstractConfigurationImpl.java:203] - Setting custom ConstraintValidatorFactory of type org.springframework.validation.beanvalidation.SpringConstraintValidatorFactory
2023-03-13 21:38:27,854 DEBUG [main][AbstractConfigurationImpl.java:203] - Setting custom ConstraintValidatorFactory of type org.springframework.validation.beanvalidation.SpringConstraintValidatorFactory
2023-03-13 21:38:27,856 DEBUG [main][AbstractConfigurationImpl.java:217] - Setting custom ParameterNameProvider of type org.springframework.validation.beanvalidation.LocalValidatorFactoryBean$1
2023-03-13 21:38:27,856 DEBUG [main][AbstractConfigurationImpl.java:217] - Setting custom ParameterNameProvider of type org.springframework.validation.beanvalidation.LocalValidatorFactoryBean$1
2023-03-13 21:38:27,860 DEBUG [main][ValidationXmlParser.java:120] - Trying to load META-INF/validation.xml for XML based Validator configuration.
2023-03-13 21:38:27,860 DEBUG [main][ValidationXmlParser.java:120] - Trying to load META-INF/validation.xml for XML based Validator configuration.
2023-03-13 21:38:27,861 DEBUG [main][ResourceLoaderHelper.java:53] - Trying to load META-INF/validation.xml via user class loader
2023-03-13 21:38:27,861 DEBUG [main][ResourceLoaderHelper.java:53] - Trying to load META-INF/validation.xml via user class loader
2023-03-13 21:38:27,863 DEBUG [main][ResourceLoaderHelper.java:60] - Trying to load META-INF/validation.xml via TCCL
2023-03-13 21:38:27,863 DEBUG [main][ResourceLoaderHelper.java:60] - Trying to load META-INF/validation.xml via TCCL
2023-03-13 21:38:27,865 DEBUG [main][ResourceLoaderHelper.java:66] - Trying to load META-INF/validation.xml via Hibernate Validator's class loader
2023-03-13 21:38:27,865 DEBUG [main][ResourceLoaderHelper.java:66] - Trying to load META-INF/validation.xml via Hibernate Validator's class loader
2023-03-13 21:38:27,866 DEBUG [main][ValidationXmlParser.java:127] - No META-INF/validation.xml found. Using annotation based configuration only.
2023-03-13 21:38:27,866 DEBUG [main][ValidationXmlParser.java:127] - No META-INF/validation.xml found. Using annotation based configuration only.
2023-03-13 21:38:27,868 DEBUG [main][TraversableResolvers.java:60] - Cannot find javax.persistence.Persistence on classpath. Assuming non JPA 2 environment. All properties will per default be traversable.
2023-03-13 21:38:27,868 DEBUG [main][TraversableResolvers.java:60] - Cannot find javax.persistence.Persistence on classpath. Assuming non JPA 2 environment. All properties will per default be traversable.
2023-03-13 21:38:27,873 DEBUG [main][ValidatorFactoryConfigurationHelper.java:300] - HV000252: Using org.hibernate.validator.internal.engine.DefaultPropertyNodeNameProvider as property node name provider.
2023-03-13 21:38:27,873 DEBUG [main][ValidatorFactoryConfigurationHelper.java:300] - HV000252: Using org.hibernate.validator.internal.engine.DefaultPropertyNodeNameProvider as property node name provider.
2023-03-13 21:38:27,875 DEBUG [main][ValidatorFactoryConfigurationHelper.java:375] - HV000234: Using org.springframework.validation.beanvalidation.LocaleContextMessageInterpolator as ValidatorFactory-scoped message interpolator.
2023-03-13 21:38:27,875 DEBUG [main][ValidatorFactoryConfigurationHelper.java:375] - HV000234: Using org.springframework.validation.beanvalidation.LocaleContextMessageInterpolator as ValidatorFactory-scoped message interpolator.
2023-03-13 21:38:27,876 DEBUG [main][ValidatorFactoryConfigurationHelper.java:376] - HV000234: Using org.hibernate.validator.internal.engine.resolver.TraverseAllTraversableResolver as ValidatorFactory-scoped traversable resolver.
2023-03-13 21:38:27,876 DEBUG [main][ValidatorFactoryConfigurationHelper.java:376] - HV000234: Using org.hibernate.validator.internal.engine.resolver.TraverseAllTraversableResolver as ValidatorFactory-scoped traversable resolver.
2023-03-13 21:38:27,877 DEBUG [main][ValidatorFactoryConfigurationHelper.java:377] - HV000234: Using org.hibernate.validator.internal.util.ExecutableParameterNameProvider as ValidatorFactory-scoped parameter name provider.
2023-03-13 21:38:27,877 DEBUG [main][ValidatorFactoryConfigurationHelper.java:377] - HV000234: Using org.hibernate.validator.internal.util.ExecutableParameterNameProvider as ValidatorFactory-scoped parameter name provider.
2023-03-13 21:38:27,877 DEBUG [main][ValidatorFactoryConfigurationHelper.java:378] - HV000234: Using org.hibernate.validator.internal.engine.DefaultClockProvider as ValidatorFactory-scoped clock provider.
2023-03-13 21:38:27,877 DEBUG [main][ValidatorFactoryConfigurationHelper.java:378] - HV000234: Using org.hibernate.validator.internal.engine.DefaultClockProvider as ValidatorFactory-scoped clock provider.
2023-03-13 21:38:27,878 DEBUG [main][ValidatorFactoryConfigurationHelper.java:379] - HV000234: Using org.hibernate.validator.internal.engine.scripting.DefaultScriptEvaluatorFactory as ValidatorFactory-scoped script evaluator factory.
2023-03-13 21:38:27,878 DEBUG [main][ValidatorFactoryConfigurationHelper.java:379] - HV000234: Using org.hibernate.validator.internal.engine.scripting.DefaultScriptEvaluatorFactory as ValidatorFactory-scoped script evaluator factory.
2023-03-13 21:38:30,332 DEBUG [main][ResourceBundleMessageInterpolator.java:172] - Loaded expression factory via original TCCL
2023-03-13 21:38:30,332 DEBUG [main][ResourceBundleMessageInterpolator.java:172] - Loaded expression factory via original TCCL
2023-03-13 21:38:30,333 DEBUG [main][AbstractConfigurationImpl.java:171] - Setting custom MessageInterpolator of type org.springframework.validation.beanvalidation.LocaleContextMessageInterpolator
2023-03-13 21:38:30,333 DEBUG [main][AbstractConfigurationImpl.java:171] - Setting custom MessageInterpolator of type org.springframework.validation.beanvalidation.LocaleContextMessageInterpolator
2023-03-13 21:38:30,333 DEBUG [main][AbstractConfigurationImpl.java:203] - Setting custom ConstraintValidatorFactory of type org.springframework.validation.beanvalidation.SpringConstraintValidatorFactory
2023-03-13 21:38:30,333 DEBUG [main][AbstractConfigurationImpl.java:203] - Setting custom ConstraintValidatorFactory of type org.springframework.validation.beanvalidation.SpringConstraintValidatorFactory
2023-03-13 21:38:30,334 DEBUG [main][AbstractConfigurationImpl.java:217] - Setting custom ParameterNameProvider of type org.springframework.validation.beanvalidation.LocalValidatorFactoryBean$1
2023-03-13 21:38:30,334 DEBUG [main][AbstractConfigurationImpl.java:217] - Setting custom ParameterNameProvider of type org.springframework.validation.beanvalidation.LocalValidatorFactoryBean$1
2023-03-13 21:38:30,335 DEBUG [main][ValidationXmlParser.java:120] - Trying to load META-INF/validation.xml for XML based Validator configuration.
2023-03-13 21:38:30,335 DEBUG [main][ValidationXmlParser.java:120] - Trying to load META-INF/validation.xml for XML based Validator configuration.
2023-03-13 21:38:30,336 DEBUG [main][ResourceLoaderHelper.java:53] - Trying to load META-INF/validation.xml via user class loader
2023-03-13 21:38:30,336 DEBUG [main][ResourceLoaderHelper.java:53] - Trying to load META-INF/validation.xml via user class loader
2023-03-13 21:38:30,337 DEBUG [main][ResourceLoaderHelper.java:60] - Trying to load META-INF/validation.xml via TCCL
2023-03-13 21:38:30,337 DEBUG [main][ResourceLoaderHelper.java:60] - Trying to load META-INF/validation.xml via TCCL
2023-03-13 21:38:30,337 DEBUG [main][ResourceLoaderHelper.java:66] - Trying to load META-INF/validation.xml via Hibernate Validator's class loader
2023-03-13 21:38:30,337 DEBUG [main][ResourceLoaderHelper.java:66] - Trying to load META-INF/validation.xml via Hibernate Validator's class loader
2023-03-13 21:38:30,338 DEBUG [main][ValidationXmlParser.java:127] - No META-INF/validation.xml found. Using annotation based configuration only.
2023-03-13 21:38:30,338 DEBUG [main][ValidationXmlParser.java:127] - No META-INF/validation.xml found. Using annotation based configuration only.
2023-03-13 21:38:30,339 DEBUG [main][TraversableResolvers.java:60] - Cannot find javax.persistence.Persistence on classpath. Assuming non JPA 2 environment. All properties will per default be traversable.
2023-03-13 21:38:30,339 DEBUG [main][TraversableResolvers.java:60] - Cannot find javax.persistence.Persistence on classpath. Assuming non JPA 2 environment. All properties will per default be traversable.
2023-03-13 21:38:30,341 DEBUG [main][ValidatorFactoryConfigurationHelper.java:300] - HV000252: Using org.hibernate.validator.internal.engine.DefaultPropertyNodeNameProvider as property node name provider.
2023-03-13 21:38:30,341 DEBUG [main][ValidatorFactoryConfigurationHelper.java:300] - HV000252: Using org.hibernate.validator.internal.engine.DefaultPropertyNodeNameProvider as property node name provider.
2023-03-13 21:38:30,342 DEBUG [main][ValidatorFactoryConfigurationHelper.java:375] - HV000234: Using org.springframework.validation.beanvalidation.LocaleContextMessageInterpolator as ValidatorFactory-scoped message interpolator.
2023-03-13 21:38:30,342 DEBUG [main][ValidatorFactoryConfigurationHelper.java:375] - HV000234: Using org.springframework.validation.beanvalidation.LocaleContextMessageInterpolator as ValidatorFactory-scoped message interpolator.
2023-03-13 21:38:30,343 DEBUG [main][ValidatorFactoryConfigurationHelper.java:376] - HV000234: Using org.hibernate.validator.internal.engine.resolver.TraverseAllTraversableResolver as ValidatorFactory-scoped traversable resolver.
2023-03-13 21:38:30,343 DEBUG [main][ValidatorFactoryConfigurationHelper.java:376] - HV000234: Using org.hibernate.validator.internal.engine.resolver.TraverseAllTraversableResolver as ValidatorFactory-scoped traversable resolver.
2023-03-13 21:38:30,343 DEBUG [main][ValidatorFactoryConfigurationHelper.java:377] - HV000234: Using org.hibernate.validator.internal.util.ExecutableParameterNameProvider as ValidatorFactory-scoped parameter name provider.
2023-03-13 21:38:30,343 DEBUG [main][ValidatorFactoryConfigurationHelper.java:377] - HV000234: Using org.hibernate.validator.internal.util.ExecutableParameterNameProvider as ValidatorFactory-scoped parameter name provider.
2023-03-13 21:38:30,344 DEBUG [main][ValidatorFactoryConfigurationHelper.java:378] - HV000234: Using org.hibernate.validator.internal.engine.DefaultClockProvider as ValidatorFactory-scoped clock provider.
2023-03-13 21:38:30,344 DEBUG [main][ValidatorFactoryConfigurationHelper.java:378] - HV000234: Using org.hibernate.validator.internal.engine.DefaultClockProvider as ValidatorFactory-scoped clock provider.
2023-03-13 21:38:30,344 DEBUG [main][ValidatorFactoryConfigurationHelper.java:379] - HV000234: Using org.hibernate.validator.internal.engine.scripting.DefaultScriptEvaluatorFactory as ValidatorFactory-scoped script evaluator factory.
2023-03-13 21:38:30,344 DEBUG [main][ValidatorFactoryConfigurationHelper.java:379] - HV000234: Using org.hibernate.validator.internal.engine.scripting.DefaultScriptEvaluatorFactory as ValidatorFactory-scoped script evaluator factory.
2023-03-13 21:38:30,491 DEBUG [main][NetUtil.java:135] - -Djava.net.preferIPv4Stack: false
2023-03-13 21:38:30,491 DEBUG [main][NetUtil.java:135] - -Djava.net.preferIPv4Stack: false
2023-03-13 21:38:30,492 DEBUG [main][NetUtil.java:136] - -Djava.net.preferIPv6Addresses: false
2023-03-13 21:38:30,492 DEBUG [main][NetUtil.java:136] - -Djava.net.preferIPv6Addresses: false
2023-03-13 21:38:30,624 INFO [main][SpringApplication.java:655] - The following profiles are active: dev
2023-03-13 21:38:30,624 INFO [main][SpringApplication.java:655] - The following profiles are active: dev
2023-03-13 21:38:31,156 DEBUG [main][NetUtilInitializations.java:129] - Loopback interface: lo (Software Loopback Interface 1, 127.0.0.1)
2023-03-13 21:38:31,156 DEBUG [main][NetUtilInitializations.java:129] - Loopback interface: lo (Software Loopback Interface 1, 127.0.0.1)
2023-03-13 21:38:31,158 DEBUG [main][NetUtil.java:187] - Failed to get SOMAXCONN from sysctl and file \proc\sys\net\core\somaxconn. Default: 200
2023-03-13 21:38:31,158 DEBUG [main][NetUtil.java:187] - Failed to get SOMAXCONN from sysctl and file \proc\sys\net\core\somaxconn. Default: 200
2023-03-13 21:38:31,524 INFO [main][GenericScope.java:295] - BeanFactory id=d2896983-bab8-3a05-9d4e-dbd5b81503f3
2023-03-13 21:38:31,524 INFO [main][GenericScope.java:295] - BeanFactory id=d2896983-bab8-3a05-9d4e-dbd5b81503f3
2023-03-13 21:38:31,613 INFO [main][PostProcessorRegistrationDelegate.java:335] - Bean 'org.springframework.cloud.client.loadbalancer.reactive.LoadBalancerBeanPostProcessorAutoConfiguration' of type [org.springframework.cloud.client.loadbalancer.reactive.LoadBalancerBeanPostProcessorAutoConfiguration] is not eligible for getting processed by all BeanPostProcessors (for example: not eligible for auto-proxying)
2023-03-13 21:38:31,613 INFO [main][PostProcessorRegistrationDelegate.java:335] - Bean 'org.springframework.cloud.client.loadbalancer.reactive.LoadBalancerBeanPostProcessorAutoConfiguration' of type [org.springframework.cloud.client.loadbalancer.reactive.LoadBalancerBeanPostProcessorAutoConfiguration] is not eligible for getting processed by all BeanPostProcessors (for example: not eligible for auto-proxying)
2023-03-13 21:38:31,617 INFO [main][PostProcessorRegistrationDelegate.java:335] - Bean 'org.springframework.cloud.client.loadbalancer.reactive.LoadBalancerBeanPostProcessorAutoConfiguration$ReactiveLoadBalancerConfig' of type [org.springframework.cloud.client.loadbalancer.reactive.LoadBalancerBeanPostProcessorAutoConfiguration$ReactiveLoadBalancerConfig] is not eligible for getting processed by all BeanPostProcessors (for example: not eligible for auto-proxying)
2023-03-13 21:38:31,617 INFO [main][PostProcessorRegistrationDelegate.java:335] - Bean 'org.springframework.cloud.client.loadbalancer.reactive.LoadBalancerBeanPostProcessorAutoConfiguration$ReactiveLoadBalancerConfig' of type [org.springframework.cloud.client.loadbalancer.reactive.LoadBalancerBeanPostProcessorAutoConfiguration$ReactiveLoadBalancerConfig] is not eligible for getting processed by all BeanPostProcessors (for example: not eligible for auto-proxying)
2023-03-13 21:38:31,627 INFO [main][PostProcessorRegistrationDelegate.java:335] - Bean 'deferringLoadBalancerExchangeFilterFunction' of type [org.springframework.cloud.client.loadbalancer.reactive.DeferringLoadBalancerExchangeFilterFunction] is not eligible for getting processed by all BeanPostProcessors (for example: not eligible for auto-proxying)
2023-03-13 21:38:31,627 INFO [main][PostProcessorRegistrationDelegate.java:335] - Bean 'deferringLoadBalancerExchangeFilterFunction' of type [org.springframework.cloud.client.loadbalancer.reactive.DeferringLoadBalancerExchangeFilterFunction] is not eligible for getting processed by all BeanPostProcessors (for example: not eligible for auto-proxying)
2023-03-13 21:38:31,657 DEBUG [main][Loggers.java:249] - Using Slf4j logging framework
2023-03-13 21:38:31,657 DEBUG [main][Loggers.java:249] - Using Slf4j logging framework
2023-03-13 21:38:31,687 DEBUG [main][InternalLoggerFactory.java:45] - Using SLF4J as the default logging framework
2023-03-13 21:38:31,687 DEBUG [main][InternalLoggerFactory.java:45] - Using SLF4J as the default logging framework
2023-03-13 21:38:31,688 DEBUG [main][PlatformDependent.java:1036] - Platform: Windows
2023-03-13 21:38:31,688 DEBUG [main][PlatformDependent.java:1036] - Platform: Windows
2023-03-13 21:38:31,693 DEBUG [main][PlatformDependent0.java:417] - -Dio.netty.noUnsafe: false
2023-03-13 21:38:31,693 DEBUG [main][PlatformDependent0.java:417] - -Dio.netty.noUnsafe: false
2023-03-13 21:38:31,693 DEBUG [main][PlatformDependent0.java:897] - Java version: 8
2023-03-13 21:38:31,693 DEBUG [main][PlatformDependent0.java:897] - Java version: 8
2023-03-13 21:38:31,695 DEBUG [main][PlatformDependent0.java:130] - sun.misc.Unsafe.theUnsafe: available
2023-03-13 21:38:31,695 DEBUG [main][PlatformDependent0.java:130] - sun.misc.Unsafe.theUnsafe: available
2023-03-13 21:38:31,696 DEBUG [main][PlatformDependent0.java:154] - sun.misc.Unsafe.copyMemory: available
2023-03-13 21:38:31,696 DEBUG [main][PlatformDependent0.java:154] - sun.misc.Unsafe.copyMemory: available
2023-03-13 21:38:31,697 DEBUG [main][PlatformDependent0.java:192] - java.nio.Buffer.address: available
2023-03-13 21:38:31,697 DEBUG [main][PlatformDependent0.java:192] - java.nio.Buffer.address: available
2023-03-13 21:38:31,699 DEBUG [main][PlatformDependent0.java:257] - direct buffer constructor: available
2023-03-13 21:38:31,699 DEBUG [main][PlatformDependent0.java:257] - direct buffer constructor: available
2023-03-13 21:38:31,700 DEBUG [main][PlatformDependent0.java:331] - java.nio.Bits.unaligned: available, true
2023-03-13 21:38:31,700 DEBUG [main][PlatformDependent0.java:331] - java.nio.Bits.unaligned: available, true
2023-03-13 21:38:31,701 DEBUG [main][PlatformDependent0.java:396] - jdk.internal.misc.Unsafe.allocateUninitializedArray(int): unavailable prior to Java9
2023-03-13 21:38:31,701 DEBUG [main][PlatformDependent0.java:396] - jdk.internal.misc.Unsafe.allocateUninitializedArray(int): unavailable prior to Java9
2023-03-13 21:38:31,701 DEBUG [main][PlatformDependent0.java:403] - java.nio.DirectByteBuffer.<init>(long, int): available
2023-03-13 21:38:31,701 DEBUG [main][PlatformDependent0.java:403] - java.nio.DirectByteBuffer.<init>(long, int): available
2023-03-13 21:38:31,701 DEBUG [main][PlatformDependent.java:1079] - sun.misc.Unsafe: available
2023-03-13 21:38:31,701 DEBUG [main][PlatformDependent.java:1079] - sun.misc.Unsafe: available
2023-03-13 21:38:31,703 DEBUG [main][PlatformDependent.java:1200] - -Dio.netty.tmpdir: C:\Users\ZGASQ\AppData\Local\Temp (java.io.tmpdir)
2023-03-13 21:38:31,703 DEBUG [main][PlatformDependent.java:1200] - -Dio.netty.tmpdir: C:\Users\ZGASQ\AppData\Local\Temp (java.io.tmpdir)
2023-03-13 21:38:31,704 DEBUG [main][PlatformDependent.java:1279] - -Dio.netty.bitMode: 64 (sun.arch.data.model)
2023-03-13 21:38:31,704 DEBUG [main][PlatformDependent.java:1279] - -Dio.netty.bitMode: 64 (sun.arch.data.model)
2023-03-13 21:38:31,705 DEBUG [main][PlatformDependent.java:177] - -Dio.netty.maxDirectMemory: 3666870272 bytes
2023-03-13 21:38:31,705 DEBUG [main][PlatformDependent.java:177] - -Dio.netty.maxDirectMemory: 3666870272 bytes
2023-03-13 21:38:31,706 DEBUG [main][PlatformDependent.java:184] - -Dio.netty.uninitializedArrayAllocationThreshold: -1
2023-03-13 21:38:31,706 DEBUG [main][PlatformDependent.java:184] - -Dio.netty.uninitializedArrayAllocationThreshold: -1
2023-03-13 21:38:31,708 DEBUG [main][CleanerJava6.java:92] - java.nio.ByteBuffer.cleaner(): available
2023-03-13 21:38:31,708 DEBUG [main][CleanerJava6.java:92] - java.nio.ByteBuffer.cleaner(): available
2023-03-13 21:38:31,709 DEBUG [main][PlatformDependent.java:204] - -Dio.netty.noPreferDirect: false
2023-03-13 21:38:31,709 DEBUG [main][PlatformDependent.java:204] - -Dio.netty.noPreferDirect: false
2023-03-13 21:38:31,716 DEBUG [main][Loggers.java:254] - [http] resources will use the default LoopResources: DefaultLoopResources {prefix=reactor-http, daemon=true, selectCount=16, workerCount=16}
2023-03-13 21:38:31,716 DEBUG [main][Loggers.java:254] - [http] resources will use the default LoopResources: DefaultLoopResources {prefix=reactor-http, daemon=true, selectCount=16, workerCount=16}
2023-03-13 21:38:31,716 DEBUG [main][Loggers.java:254] - [http] resources will use the default ConnectionProvider: reactor.netty.resources.PooledConnectionProvider@39a87e72
2023-03-13 21:38:31,716 DEBUG [main][Loggers.java:254] - [http] resources will use the default ConnectionProvider: reactor.netty.resources.PooledConnectionProvider@39a87e72
2023-03-13 21:38:31,843 WARN [main][URLConfigurationSource.java:121] - No URLs will be polled as dynamic configuration sources.
2023-03-13 21:38:31,843 WARN [main][URLConfigurationSource.java:121] - No URLs will be polled as dynamic configuration sources.
2023-03-13 21:38:31,844 INFO [main][URLConfigurationSource.java:122] - To enable URLs as dynamic configuration sources, define System property archaius.configurationSource.additionalUrls or make config.properties available on classpath.
2023-03-13 21:38:31,844 INFO [main][URLConfigurationSource.java:122] - To enable URLs as dynamic configuration sources, define System property archaius.configurationSource.additionalUrls or make config.properties available on classpath.
2023-03-13 21:38:31,854 WARN [main][URLConfigurationSource.java:121] - No URLs will be polled as dynamic configuration sources.
2023-03-13 21:38:31,854 WARN [main][URLConfigurationSource.java:121] - No URLs will be polled as dynamic configuration sources.
2023-03-13 21:38:31,854 INFO [main][URLConfigurationSource.java:122] - To enable URLs as dynamic configuration sources, define System property archaius.configurationSource.additionalUrls or make config.properties available on classpath.
2023-03-13 21:38:31,854 INFO [main][URLConfigurationSource.java:122] - To enable URLs as dynamic configuration sources, define System property archaius.configurationSource.additionalUrls or make config.properties available on classpath.
2023-03-13 21:38:32,057 DEBUG [main][ResourceBundleMessageInterpolator.java:172] - Loaded expression factory via original TCCL
2023-03-13 21:38:32,057 DEBUG [main][ResourceBundleMessageInterpolator.java:172] - Loaded expression factory via original TCCL
2023-03-13 21:38:32,075 DEBUG [main][AbstractConfigurationImpl.java:171] - Setting custom MessageInterpolator of type org.springframework.validation.beanvalidation.LocaleContextMessageInterpolator
2023-03-13 21:38:32,075 DEBUG [main][AbstractConfigurationImpl.java:171] - Setting custom MessageInterpolator of type org.springframework.validation.beanvalidation.LocaleContextMessageInterpolator
2023-03-13 21:38:32,077 DEBUG [main][AbstractConfigurationImpl.java:203] - Setting custom ConstraintValidatorFactory of type org.springframework.validation.beanvalidation.SpringConstraintValidatorFactory
2023-03-13 21:38:32,077 DEBUG [main][AbstractConfigurationImpl.java:203] - Setting custom ConstraintValidatorFactory of type org.springframework.validation.beanvalidation.SpringConstraintValidatorFactory
2023-03-13 21:38:32,079 DEBUG [main][AbstractConfigurationImpl.java:217] - Setting custom ParameterNameProvider of type org.springframework.validation.beanvalidation.LocalValidatorFactoryBean$1
2023-03-13 21:38:32,079 DEBUG [main][AbstractConfigurationImpl.java:217] - Setting custom ParameterNameProvider of type org.springframework.validation.beanvalidation.LocalValidatorFactoryBean$1
2023-03-13 21:38:32,083 DEBUG [main][ValidationXmlParser.java:120] - Trying to load META-INF/validation.xml for XML based Validator configuration.
2023-03-13 21:38:32,083 DEBUG [main][ValidationXmlParser.java:120] - Trying to load META-INF/validation.xml for XML based Validator configuration.
2023-03-13 21:38:32,084 DEBUG [main][ResourceLoaderHelper.java:53] - Trying to load META-INF/validation.xml via user class loader
2023-03-13 21:38:32,084 DEBUG [main][ResourceLoaderHelper.java:53] - Trying to load META-INF/validation.xml via user class loader
2023-03-13 21:38:32,085 DEBUG [main][ResourceLoaderHelper.java:60] - Trying to load META-INF/validation.xml via TCCL
2023-03-13 21:38:32,085 DEBUG [main][ResourceLoaderHelper.java:60] - Trying to load META-INF/validation.xml via TCCL
2023-03-13 21:38:32,087 DEBUG [main][ResourceLoaderHelper.java:66] - Trying to load META-INF/validation.xml via Hibernate Validator's class loader
2023-03-13 21:38:32,087 DEBUG [main][ResourceLoaderHelper.java:66] - Trying to load META-INF/validation.xml via Hibernate Validator's class loader
2023-03-13 21:38:32,088 DEBUG [main][ValidationXmlParser.java:127] - No META-INF/validation.xml found. Using annotation based configuration only.
2023-03-13 21:38:32,088 DEBUG [main][ValidationXmlParser.java:127] - No META-INF/validation.xml found. Using annotation based configuration only.
2023-03-13 21:38:32,091 DEBUG [main][TraversableResolvers.java:60] - Cannot find javax.persistence.Persistence on classpath. Assuming non JPA 2 environment. All properties will per default be traversable.
2023-03-13 21:38:32,091 DEBUG [main][TraversableResolvers.java:60] - Cannot find javax.persistence.Persistence on classpath. Assuming non JPA 2 environment. All properties will per default be traversable.
2023-03-13 21:38:32,097 DEBUG [main][ValidatorFactoryConfigurationHelper.java:300] - HV000252: Using org.hibernate.validator.internal.engine.DefaultPropertyNodeNameProvider as property node name provider.
2023-03-13 21:38:32,097 DEBUG [main][ValidatorFactoryConfigurationHelper.java:300] - HV000252: Using org.hibernate.validator.internal.engine.DefaultPropertyNodeNameProvider as property node name provider.
2023-03-13 21:38:32,099 DEBUG [main][ValidatorFactoryConfigurationHelper.java:375] - HV000234: Using org.springframework.validation.beanvalidation.LocaleContextMessageInterpolator as ValidatorFactory-scoped message interpolator.
2023-03-13 21:38:32,099 DEBUG [main][ValidatorFactoryConfigurationHelper.java:375] - HV000234: Using org.springframework.validation.beanvalidation.LocaleContextMessageInterpolator as ValidatorFactory-scoped message interpolator.
2023-03-13 21:38:32,099 INFO [main][RouteDefinitionRouteLocator.java:139] - Loaded RoutePredicateFactory [After]
2023-03-13 21:38:32,099 INFO [main][RouteDefinitionRouteLocator.java:139] - Loaded RoutePredicateFactory [After]
2023-03-13 21:38:32,100 DEBUG [main][ValidatorFactoryConfigurationHelper.java:376] - HV000234: Using org.hibernate.validator.internal.engine.resolver.TraverseAllTraversableResolver as ValidatorFactory-scoped traversable resolver.
2023-03-13 21:38:32,100 INFO [main][RouteDefinitionRouteLocator.java:139] - Loaded RoutePredicateFactory [Before]
2023-03-13 21:38:32,100 DEBUG [main][ValidatorFactoryConfigurationHelper.java:376] - HV000234: Using org.hibernate.validator.internal.engine.resolver.TraverseAllTraversableResolver as ValidatorFactory-scoped traversable resolver.
2023-03-13 21:38:32,100 INFO [main][RouteDefinitionRouteLocator.java:139] - Loaded RoutePredicateFactory [Before]
2023-03-13 21:38:32,101 INFO [main][RouteDefinitionRouteLocator.java:139] - Loaded RoutePredicateFactory [Between]
2023-03-13 21:38:32,101 DEBUG [main][ValidatorFactoryConfigurationHelper.java:377] - HV000234: Using org.hibernate.validator.internal.util.ExecutableParameterNameProvider as ValidatorFactory-scoped parameter name provider.
2023-03-13 21:38:32,101 INFO [main][RouteDefinitionRouteLocator.java:139] - Loaded RoutePredicateFactory [Between]
2023-03-13 21:38:32,101 DEBUG [main][ValidatorFactoryConfigurationHelper.java:377] - HV000234: Using org.hibernate.validator.internal.util.ExecutableParameterNameProvider as ValidatorFactory-scoped parameter name provider.
2023-03-13 21:38:32,102 INFO [main][RouteDefinitionRouteLocator.java:139] - Loaded RoutePredicateFactory [Cookie]
2023-03-13 21:38:32,102 INFO [main][RouteDefinitionRouteLocator.java:139] - Loaded RoutePredicateFactory [Cookie]
2023-03-13 21:38:32,102 DEBUG [main][ValidatorFactoryConfigurationHelper.java:378] - HV000234: Using org.hibernate.validator.internal.engine.DefaultClockProvider as ValidatorFactory-scoped clock provider.
2023-03-13 21:38:32,102 DEBUG [main][ValidatorFactoryConfigurationHelper.java:378] - HV000234: Using org.hibernate.validator.internal.engine.DefaultClockProvider as ValidatorFactory-scoped clock provider.
2023-03-13 21:38:32,103 INFO [main][RouteDefinitionRouteLocator.java:139] - Loaded RoutePredicateFactory [Header]
2023-03-13 21:38:32,103 INFO [main][RouteDefinitionRouteLocator.java:139] - Loaded RoutePredicateFactory [Header]
2023-03-13 21:38:32,103 DEBUG [main][ValidatorFactoryConfigurationHelper.java:379] - HV000234: Using org.hibernate.validator.internal.engine.scripting.DefaultScriptEvaluatorFactory as ValidatorFactory-scoped script evaluator factory.
2023-03-13 21:38:32,103 DEBUG [main][ValidatorFactoryConfigurationHelper.java:379] - HV000234: Using org.hibernate.validator.internal.engine.scripting.DefaultScriptEvaluatorFactory as ValidatorFactory-scoped script evaluator factory.
2023-03-13 21:38:32,104 INFO [main][RouteDefinitionRouteLocator.java:139] - Loaded RoutePredicateFactory [Host]
2023-03-13 21:38:32,104 INFO [main][RouteDefinitionRouteLocator.java:139] - Loaded RoutePredicateFactory [Host]
2023-03-13 21:38:32,105 INFO [main][RouteDefinitionRouteLocator.java:139] - Loaded RoutePredicateFactory [Method]
2023-03-13 21:38:32,105 INFO [main][RouteDefinitionRouteLocator.java:139] - Loaded RoutePredicateFactory [Method]
2023-03-13 21:38:32,106 INFO [main][RouteDefinitionRouteLocator.java:139] - Loaded RoutePredicateFactory [Path]
2023-03-13 21:38:32,106 INFO [main][RouteDefinitionRouteLocator.java:139] - Loaded RoutePredicateFactory [Path]
2023-03-13 21:38:32,106 INFO [main][RouteDefinitionRouteLocator.java:139] - Loaded RoutePredicateFactory [Query]
2023-03-13 21:38:32,106 INFO [main][RouteDefinitionRouteLocator.java:139] - Loaded RoutePredicateFactory [Query]
2023-03-13 21:38:32,108 INFO [main][RouteDefinitionRouteLocator.java:139] - Loaded RoutePredicateFactory [ReadBody]
2023-03-13 21:38:32,108 INFO [main][RouteDefinitionRouteLocator.java:139] - Loaded RoutePredicateFactory [ReadBody]
2023-03-13 21:38:32,109 INFO [main][RouteDefinitionRouteLocator.java:139] - Loaded RoutePredicateFactory [RemoteAddr]
2023-03-13 21:38:32,109 INFO [main][RouteDefinitionRouteLocator.java:139] - Loaded RoutePredicateFactory [RemoteAddr]
2023-03-13 21:38:32,110 INFO [main][RouteDefinitionRouteLocator.java:139] - Loaded RoutePredicateFactory [Weight]
2023-03-13 21:38:32,110 INFO [main][RouteDefinitionRouteLocator.java:139] - Loaded RoutePredicateFactory [Weight]
2023-03-13 21:38:32,111 INFO [main][RouteDefinitionRouteLocator.java:139] - Loaded RoutePredicateFactory [CloudFoundryRouteService]
2023-03-13 21:38:32,111 INFO [main][RouteDefinitionRouteLocator.java:139] - Loaded RoutePredicateFactory [CloudFoundryRouteService]
2023-03-13 21:38:32,773 INFO [main][ExecutorConfigurationSupport.java:181] - Initializing ExecutorService 'Nacos-Watch-Task-Scheduler'
2023-03-13 21:38:32,773 INFO [main][ExecutorConfigurationSupport.java:181] - Initializing ExecutorService 'Nacos-Watch-Task-Scheduler'
2023-03-13 21:38:34,445 DEBUG [main][ResourceBundleMessageInterpolator.java:172] - Loaded expression factory via original TCCL
2023-03-13 21:38:34,445 DEBUG [main][ResourceBundleMessageInterpolator.java:172] - Loaded expression factory via original TCCL
2023-03-13 21:38:34,446 DEBUG [main][AbstractConfigurationImpl.java:171] - Setting custom MessageInterpolator of type org.springframework.validation.beanvalidation.LocaleContextMessageInterpolator
2023-03-13 21:38:34,446 DEBUG [main][AbstractConfigurationImpl.java:171] - Setting custom MessageInterpolator of type org.springframework.validation.beanvalidation.LocaleContextMessageInterpolator
2023-03-13 21:38:34,447 DEBUG [main][AbstractConfigurationImpl.java:203] - Setting custom ConstraintValidatorFactory of type org.springframework.validation.beanvalidation.SpringConstraintValidatorFactory
2023-03-13 21:38:34,447 DEBUG [main][AbstractConfigurationImpl.java:203] - Setting custom ConstraintValidatorFactory of type org.springframework.validation.beanvalidation.SpringConstraintValidatorFactory
2023-03-13 21:38:34,447 DEBUG [main][AbstractConfigurationImpl.java:217] - Setting custom ParameterNameProvider of type org.springframework.validation.beanvalidation.LocalValidatorFactoryBean$1
2023-03-13 21:38:34,447 DEBUG [main][AbstractConfigurationImpl.java:217] - Setting custom ParameterNameProvider of type org.springframework.validation.beanvalidation.LocalValidatorFactoryBean$1
2023-03-13 21:38:34,448 DEBUG [main][ValidationXmlParser.java:120] - Trying to load META-INF/validation.xml for XML based Validator configuration.
2023-03-13 21:38:34,448 DEBUG [main][ValidationXmlParser.java:120] - Trying to load META-INF/validation.xml for XML based Validator configuration.
2023-03-13 21:38:34,449 DEBUG [main][ResourceLoaderHelper.java:53] - Trying to load META-INF/validation.xml via user class loader
2023-03-13 21:38:34,449 DEBUG [main][ResourceLoaderHelper.java:53] - Trying to load META-INF/validation.xml via user class loader
2023-03-13 21:38:34,450 DEBUG [main][ResourceLoaderHelper.java:60] - Trying to load META-INF/validation.xml via TCCL
2023-03-13 21:38:34,450 DEBUG [main][ResourceLoaderHelper.java:60] - Trying to load META-INF/validation.xml via TCCL
2023-03-13 21:38:34,451 DEBUG [main][ResourceLoaderHelper.java:66] - Trying to load META-INF/validation.xml via Hibernate Validator's class loader
2023-03-13 21:38:34,451 DEBUG [main][ResourceLoaderHelper.java:66] - Trying to load META-INF/validation.xml via Hibernate Validator's class loader
2023-03-13 21:38:34,453 DEBUG [main][ValidationXmlParser.java:127] - No META-INF/validation.xml found. Using annotation based configuration only.
2023-03-13 21:38:34,453 DEBUG [main][ValidationXmlParser.java:127] - No META-INF/validation.xml found. Using annotation based configuration only.
2023-03-13 21:38:34,454 DEBUG [main][TraversableResolvers.java:60] - Cannot find javax.persistence.Persistence on classpath. Assuming non JPA 2 environment. All properties will per default be traversable.
2023-03-13 21:38:34,454 DEBUG [main][TraversableResolvers.java:60] - Cannot find javax.persistence.Persistence on classpath. Assuming non JPA 2 environment. All properties will per default be traversable.
2023-03-13 21:38:34,457 DEBUG [main][ValidatorFactoryConfigurationHelper.java:300] - HV000252: Using org.hibernate.validator.internal.engine.DefaultPropertyNodeNameProvider as property node name provider.
2023-03-13 21:38:34,457 DEBUG [main][ValidatorFactoryConfigurationHelper.java:300] - HV000252: Using org.hibernate.validator.internal.engine.DefaultPropertyNodeNameProvider as property node name provider.
2023-03-13 21:38:34,459 DEBUG [main][ValidatorFactoryConfigurationHelper.java:375] - HV000234: Using org.springframework.validation.beanvalidation.LocaleContextMessageInterpolator as ValidatorFactory-scoped message interpolator.
2023-03-13 21:38:34,459 DEBUG [main][ValidatorFactoryConfigurationHelper.java:375] - HV000234: Using org.springframework.validation.beanvalidation.LocaleContextMessageInterpolator as ValidatorFactory-scoped message interpolator.
2023-03-13 21:38:34,459 DEBUG [main][ValidatorFactoryConfigurationHelper.java:376] - HV000234: Using org.hibernate.validator.internal.engine.resolver.TraverseAllTraversableResolver as ValidatorFactory-scoped traversable resolver.
2023-03-13 21:38:34,459 DEBUG [main][ValidatorFactoryConfigurationHelper.java:376] - HV000234: Using org.hibernate.validator.internal.engine.resolver.TraverseAllTraversableResolver as ValidatorFactory-scoped traversable resolver.
2023-03-13 21:38:34,460 DEBUG [main][ValidatorFactoryConfigurationHelper.java:377] - HV000234: Using org.hibernate.validator.internal.util.ExecutableParameterNameProvider as ValidatorFactory-scoped parameter name provider.
2023-03-13 21:38:34,460 DEBUG [main][ValidatorFactoryConfigurationHelper.java:377] - HV000234: Using org.hibernate.validator.internal.util.ExecutableParameterNameProvider as ValidatorFactory-scoped parameter name provider.
2023-03-13 21:38:34,472 DEBUG [main][ValidatorFactoryConfigurationHelper.java:378] - HV000234: Using org.hibernate.validator.internal.engine.DefaultClockProvider as ValidatorFactory-scoped clock provider.
2023-03-13 21:38:34,472 DEBUG [main][ValidatorFactoryConfigurationHelper.java:378] - HV000234: Using org.hibernate.validator.internal.engine.DefaultClockProvider as ValidatorFactory-scoped clock provider.
2023-03-13 21:38:34,472 DEBUG [main][ValidatorFactoryConfigurationHelper.java:379] - HV000234: Using org.hibernate.validator.internal.engine.scripting.DefaultScriptEvaluatorFactory as ValidatorFactory-scoped script evaluator factory.
2023-03-13 21:38:34,472 DEBUG [main][ValidatorFactoryConfigurationHelper.java:379] - HV000234: Using org.hibernate.validator.internal.engine.scripting.DefaultScriptEvaluatorFactory as ValidatorFactory-scoped script evaluator factory.
2023-03-13 21:38:34,590 DEBUG [main][NetUtil.java:135] - -Djava.net.preferIPv4Stack: false
2023-03-13 21:38:34,590 DEBUG [main][NetUtil.java:135] - -Djava.net.preferIPv4Stack: false
2023-03-13 21:38:34,590 DEBUG [main][NetUtil.java:136] - -Djava.net.preferIPv6Addresses: false
2023-03-13 21:38:34,590 DEBUG [main][NetUtil.java:136] - -Djava.net.preferIPv6Addresses: false
2023-03-13 21:38:34,972 INFO [main][InitUtils.java:65] - initializer namespace from System Property :null
2023-03-13 21:38:34,972 INFO [main][InitUtils.java:65] - initializer namespace from System Property :null
2023-03-13 21:38:34,973 INFO [main][InitUtils.java:74] - initializer namespace from System Environment :null
2023-03-13 21:38:34,973 INFO [main][InitUtils.java:74] - initializer namespace from System Environment :null
2023-03-13 21:38:34,975 INFO [main][InitUtils.java:84] - initializer namespace from System Property :null
2023-03-13 21:38:34,975 INFO [main][InitUtils.java:84] - initializer namespace from System Property :null
2023-03-13 21:38:34,985 DEBUG [main][NamingProxy.java:195] - server list provided by user: [192.168.101.65:8848]
2023-03-13 21:38:34,985 DEBUG [main][NamingProxy.java:195] - server list provided by user: [192.168.101.65:8848]
2023-03-13 21:38:34,987 DEBUG [com.alibaba.nacos.client.naming.updater][NamingProxy.java:195] - server list provided by user: [192.168.101.65:8848]
2023-03-13 21:38:34,987 DEBUG [com.alibaba.nacos.client.naming.updater][NamingProxy.java:195] - server list provided by user: [192.168.101.65:8848]
2023-03-13 21:38:34,994 DEBUG [com.alibaba.nacos.naming.failover][FailoverReactor.java:147] - failover switch is not found, failover00-00---000-VIPSRV_FAILOVER_SWITCH-000---00-00
2023-03-13 21:38:34,994 DEBUG [com.alibaba.nacos.naming.failover][FailoverReactor.java:147] - failover switch is not found, failover00-00---000-VIPSRV_FAILOVER_SWITCH-000---00-00
2023-03-13 21:38:35,003 DEBUG [main][HostReactor.java:306] - failover-mode: false
2023-03-13 21:38:35,003 DEBUG [main][HostReactor.java:306] - failover-mode: false
2023-03-13 21:38:35,007 DEBUG [main][NacosRestTemplate.java:476] - HTTP method: GET, url: http://192.168.101.65:8848/nacos/v1/ns/instance/list?app=unknown&healthyOnly=false&namespaceId=dev39&clientIP=192.168.101.1&serviceName=xuecheng-plus-project%40%40gateway&udpPort=58470&clusters=DEFAULT, body: {}
2023-03-13 21:38:35,007 DEBUG [main][NacosRestTemplate.java:476] - HTTP method: GET, url: http://192.168.101.65:8848/nacos/v1/ns/instance/list?app=unknown&healthyOnly=false&namespaceId=dev39&clientIP=192.168.101.1&serviceName=xuecheng-plus-project%40%40gateway&udpPort=58470&clusters=DEFAULT, body: {}
2023-03-13 21:38:35,198 INFO [main][StartupInfoLogger.java:61] - Started XuechengPlusGatewayApplicationTests in 13.558 seconds (JVM running for 15.265)
2023-03-13 21:38:35,198 INFO [main][StartupInfoLogger.java:61] - Started XuechengPlusGatewayApplicationTests in 13.558 seconds (JVM running for 15.265)
2023-03-13 21:38:35,205 INFO [main][ClientWorker.java:169] - [fixed-192.168.101.65_8848-dev39] [subscribe] gateway+xuecheng-plus-project+dev39
2023-03-13 21:38:35,205 INFO [main][ClientWorker.java:169] - [fixed-192.168.101.65_8848-dev39] [subscribe] gateway+xuecheng-plus-project+dev39
2023-03-13 21:38:35,206 INFO [main][CacheData.java:92] - [fixed-192.168.101.65_8848-dev39] [add-listener] ok, tenant=dev39, dataId=gateway, group=xuecheng-plus-project, cnt=1
2023-03-13 21:38:35,206 INFO [main][CacheData.java:92] - [fixed-192.168.101.65_8848-dev39] [add-listener] ok, tenant=dev39, dataId=gateway, group=xuecheng-plus-project, cnt=1
2023-03-13 21:38:35,208 INFO [main][ClientWorker.java:169] - [fixed-192.168.101.65_8848-dev39] [subscribe] gateway-dev.yaml+xuecheng-plus-project+dev39
2023-03-13 21:38:35,208 INFO [main][ClientWorker.java:169] - [fixed-192.168.101.65_8848-dev39] [subscribe] gateway-dev.yaml+xuecheng-plus-project+dev39
2023-03-13 21:38:35,209 INFO [main][CacheData.java:92] - [fixed-192.168.101.65_8848-dev39] [add-listener] ok, tenant=dev39, dataId=gateway-dev.yaml, group=xuecheng-plus-project, cnt=1
2023-03-13 21:38:35,209 INFO [main][CacheData.java:92] - [fixed-192.168.101.65_8848-dev39] [add-listener] ok, tenant=dev39, dataId=gateway-dev.yaml, group=xuecheng-plus-project, cnt=1
2023-03-13 21:38:35,210 INFO [main][ClientWorker.java:169] - [fixed-192.168.101.65_8848-dev39] [subscribe] logging-dev.yaml+xuecheng-plus-common+dev39
2023-03-13 21:38:35,210 INFO [main][ClientWorker.java:169] - [fixed-192.168.101.65_8848-dev39] [subscribe] logging-dev.yaml+xuecheng-plus-common+dev39
2023-03-13 21:38:35,211 INFO [main][CacheData.java:92] - [fixed-192.168.101.65_8848-dev39] [add-listener] ok, tenant=dev39, dataId=logging-dev.yaml, group=xuecheng-plus-common, cnt=1
2023-03-13 21:38:35,211 INFO [main][CacheData.java:92] - [fixed-192.168.101.65_8848-dev39] [add-listener] ok, tenant=dev39, dataId=logging-dev.yaml, group=xuecheng-plus-common, cnt=1
2023-03-13 21:38:35,211 INFO [main][ClientWorker.java:169] - [fixed-192.168.101.65_8848-dev39] [subscribe] gateway.yaml+xuecheng-plus-project+dev39
2023-03-13 21:38:35,211 INFO [main][ClientWorker.java:169] - [fixed-192.168.101.65_8848-dev39] [subscribe] gateway.yaml+xuecheng-plus-project+dev39
2023-03-13 21:38:35,213 INFO [main][CacheData.java:92] - [fixed-192.168.101.65_8848-dev39] [add-listener] ok, tenant=dev39, dataId=gateway.yaml, group=xuecheng-plus-project, cnt=1
2023-03-13 21:38:35,213 INFO [main][CacheData.java:92] - [fixed-192.168.101.65_8848-dev39] [add-listener] ok, tenant=dev39, dataId=gateway.yaml, group=xuecheng-plus-project, cnt=1
2023-03-13 21:38:35,215 DEBUG [com.alibaba.nacos.client.Worker.longPolling.fixed-192.168.101.65_8848-dev39][NacosRestTemplate.java:476] - HTTP method: POST, url: http://192.168.101.65:8848/nacos/v1/cs/configs/listener, body: {Listening-Configs=logging-dev.yamlxuecheng-plus-common93db0af0040302ef8aeb4b6f50616937dev39gateway.yamlxuecheng-plus-projectdev39gateway-dev.yamlxuecheng-plus-project0aa8d36f8c1ac49485e133f43f60481bdev39gatewayxuecheng-plus-projectdev39, tenant=dev39}
2023-03-13 21:38:35,215 DEBUG [com.alibaba.nacos.client.Worker.longPolling.fixed-192.168.101.65_8848-dev39][NacosRestTemplate.java:476] - HTTP method: POST, url: http://192.168.101.65:8848/nacos/v1/cs/configs/listener, body: {Listening-Configs=logging-dev.yamlxuecheng-plus-common93db0af0040302ef8aeb4b6f50616937dev39gateway.yamlxuecheng-plus-projectdev39gateway-dev.yamlxuecheng-plus-project0aa8d36f8c1ac49485e133f43f60481bdev39gatewayxuecheng-plus-projectdev39, tenant=dev39}
2023-03-13 21:38:35,216 DEBUG [com.alibaba.nacos.client.Worker.longPolling.fixed-192.168.101.65_8848-dev39][NacosRestTemplate.java:494] - Execute via interceptors :[com.alibaba.nacos.client.config.impl.ConfigHttpClientManager$LimiterHttpClientRequestInterceptor@54cdddf7]
2023-03-13 21:38:35,216 DEBUG [com.alibaba.nacos.client.Worker.longPolling.fixed-192.168.101.65_8848-dev39][NacosRestTemplate.java:494] - Execute via interceptors :[com.alibaba.nacos.client.config.impl.ConfigHttpClientManager$LimiterHttpClientRequestInterceptor@54cdddf7]
2023-03-13 21:38:35,225 DEBUG [com.alibaba.nacos.client.Worker.longPolling.fixed-192.168.101.65_8848-dev39][NacosRestTemplate.java:476] - HTTP method: POST, url: http://192.168.101.65:8848/nacos/v1/cs/configs/listener, body: {Listening-Configs=logging-dev.yamlxuecheng-plus-common93db0af0040302ef8aeb4b6f50616937dev39gateway.yamlxuecheng-plus-projectdev39gateway-dev.yamlxuecheng-plus-project0aa8d36f8c1ac49485e133f43f60481bdev39gatewayxuecheng-plus-projectdev39, tenant=dev39}
2023-03-13 21:38:35,225 DEBUG [com.alibaba.nacos.client.Worker.longPolling.fixed-192.168.101.65_8848-dev39][NacosRestTemplate.java:476] - HTTP method: POST, url: http://192.168.101.65:8848/nacos/v1/cs/configs/listener, body: {Listening-Configs=logging-dev.yamlxuecheng-plus-common93db0af0040302ef8aeb4b6f50616937dev39gateway.yamlxuecheng-plus-projectdev39gateway-dev.yamlxuecheng-plus-project0aa8d36f8c1ac49485e133f43f60481bdev39gatewayxuecheng-plus-projectdev39, tenant=dev39}
2023-03-13 21:38:35,225 DEBUG [com.alibaba.nacos.client.Worker.longPolling.fixed-192.168.101.65_8848-dev39][NacosRestTemplate.java:494] - Execute via interceptors :[com.alibaba.nacos.client.config.impl.ConfigHttpClientManager$LimiterHttpClientRequestInterceptor@54cdddf7]
2023-03-13 21:38:35,225 DEBUG [com.alibaba.nacos.client.Worker.longPolling.fixed-192.168.101.65_8848-dev39][NacosRestTemplate.java:494] - Execute via interceptors :[com.alibaba.nacos.client.config.impl.ConfigHttpClientManager$LimiterHttpClientRequestInterceptor@54cdddf7]
2023-03-13 21:38:35,253 DEBUG [main][NetUtilInitializations.java:129] - Loopback interface: lo (Software Loopback Interface 1, 127.0.0.1)
2023-03-13 21:38:35,253 DEBUG [main][NetUtilInitializations.java:129] - Loopback interface: lo (Software Loopback Interface 1, 127.0.0.1)
2023-03-13 21:38:35,254 DEBUG [main][NetUtil.java:187] - Failed to get SOMAXCONN from sysctl and file \proc\sys\net\core\somaxconn. Default: 200
2023-03-13 21:38:35,254 DEBUG [main][NetUtil.java:187] - Failed to get SOMAXCONN from sysctl and file \proc\sys\net\core\somaxconn. Default: 200
2023-03-13 21:38:35,588 WARN [Thread-2][HttpClientBeanHolder.java:108] - [HttpClientBeanHolder] Start destroying common HttpClient
2023-03-13 21:38:35,589 WARN [Thread-13][NotifyCenter.java:145] - [NotifyCenter] Start destroying Publisher
2023-03-13 21:38:35,588 WARN [Thread-2][HttpClientBeanHolder.java:108] - [HttpClientBeanHolder] Start destroying common HttpClient
2023-03-13 21:38:35,589 WARN [Thread-13][NotifyCenter.java:145] - [NotifyCenter] Start destroying Publisher
2023-03-13 21:38:35,590 WARN [Thread-13][NotifyCenter.java:162] - [NotifyCenter] Destruction of the end
2023-03-13 21:38:35,590 WARN [Thread-13][NotifyCenter.java:162] - [NotifyCenter] Destruction of the end
2023-03-13 21:38:35,590 WARN [Thread-2][HttpClientBeanHolder.java:114] - [HttpClientBeanHolder] Destruction of the end
2023-03-13 21:38:35,590 WARN [Thread-2][HttpClientBeanHolder.java:114] - [HttpClientBeanHolder] Destruction of the end
2023-03-13 21:38:35,592 INFO [SpringContextShutdownHook][ExecutorConfigurationSupport.java:218] - Shutting down ExecutorService 'Nacos-Watch-Task-Scheduler'
2023-03-13 21:38:35,592 INFO [SpringContextShutdownHook][ExecutorConfigurationSupport.java:218] - Shutting down ExecutorService 'Nacos-Watch-Task-Scheduler'
2023-03-13 21:38:35,594 INFO [SpringContextShutdownHook][BeatReactor.java:147] - com.alibaba.nacos.client.naming.beat.BeatReactor do shutdown begin
2023-03-13 21:38:35,594 INFO [SpringContextShutdownHook][BeatReactor.java:147] - com.alibaba.nacos.client.naming.beat.BeatReactor do shutdown begin
2023-03-13 21:38:35,595 INFO [SpringContextShutdownHook][BeatReactor.java:149] - com.alibaba.nacos.client.naming.beat.BeatReactor do shutdown stop
2023-03-13 21:38:35,595 INFO [SpringContextShutdownHook][BeatReactor.java:149] - com.alibaba.nacos.client.naming.beat.BeatReactor do shutdown stop
2023-03-13 21:38:35,595 INFO [SpringContextShutdownHook][HostReactor.java:413] - com.alibaba.nacos.client.naming.core.HostReactor do shutdown begin
2023-03-13 21:38:35,595 INFO [SpringContextShutdownHook][HostReactor.java:413] - com.alibaba.nacos.client.naming.core.HostReactor do shutdown begin
2023-03-13 21:38:35,933 INFO [main][RouteDefinitionRouteLocator.java:139] - Loaded RoutePredicateFactory [After]
2023-03-13 21:38:35,933 INFO [main][RouteDefinitionRouteLocator.java:139] - Loaded RoutePredicateFactory [After]
2023-03-13 21:38:35,934 INFO [main][RouteDefinitionRouteLocator.java:139] - Loaded RoutePredicateFactory [Before]
2023-03-13 21:38:35,934 INFO [main][RouteDefinitionRouteLocator.java:139] - Loaded RoutePredicateFactory [Before]
2023-03-13 21:38:35,934 INFO [main][RouteDefinitionRouteLocator.java:139] - Loaded RoutePredicateFactory [Between]
2023-03-13 21:38:35,934 INFO [main][RouteDefinitionRouteLocator.java:139] - Loaded RoutePredicateFactory [Between]
2023-03-13 21:38:35,935 INFO [main][RouteDefinitionRouteLocator.java:139] - Loaded RoutePredicateFactory [Cookie]
2023-03-13 21:38:35,935 INFO [main][RouteDefinitionRouteLocator.java:139] - Loaded RoutePredicateFactory [Cookie]
2023-03-13 21:38:35,935 INFO [main][RouteDefinitionRouteLocator.java:139] - Loaded RoutePredicateFactory [Header]
2023-03-13 21:38:35,935 INFO [main][RouteDefinitionRouteLocator.java:139] - Loaded RoutePredicateFactory [Header]
2023-03-13 21:38:35,936 INFO [main][RouteDefinitionRouteLocator.java:139] - Loaded RoutePredicateFactory [Host]
2023-03-13 21:38:35,936 INFO [main][RouteDefinitionRouteLocator.java:139] - Loaded RoutePredicateFactory [Host]
2023-03-13 21:38:35,936 INFO [main][RouteDefinitionRouteLocator.java:139] - Loaded RoutePredicateFactory [Method]
2023-03-13 21:38:35,936 INFO [main][RouteDefinitionRouteLocator.java:139] - Loaded RoutePredicateFactory [Method]
2023-03-13 21:38:35,936 INFO [main][RouteDefinitionRouteLocator.java:139] - Loaded RoutePredicateFactory [Path]
2023-03-13 21:38:35,936 INFO [main][RouteDefinitionRouteLocator.java:139] - Loaded RoutePredicateFactory [Path]
2023-03-13 21:38:35,937 INFO [main][RouteDefinitionRouteLocator.java:139] - Loaded RoutePredicateFactory [Query]
2023-03-13 21:38:35,937 INFO [main][RouteDefinitionRouteLocator.java:139] - Loaded RoutePredicateFactory [Query]
2023-03-13 21:38:35,937 INFO [main][RouteDefinitionRouteLocator.java:139] - Loaded RoutePredicateFactory [ReadBody]
2023-03-13 21:38:35,937 INFO [main][RouteDefinitionRouteLocator.java:139] - Loaded RoutePredicateFactory [ReadBody]
2023-03-13 21:38:35,938 INFO [main][RouteDefinitionRouteLocator.java:139] - Loaded RoutePredicateFactory [RemoteAddr]
2023-03-13 21:38:35,938 INFO [main][RouteDefinitionRouteLocator.java:139] - Loaded RoutePredicateFactory [RemoteAddr]
2023-03-13 21:38:35,939 INFO [main][RouteDefinitionRouteLocator.java:139] - Loaded RoutePredicateFactory [Weight]
2023-03-13 21:38:35,939 INFO [main][RouteDefinitionRouteLocator.java:139] - Loaded RoutePredicateFactory [Weight]
2023-03-13 21:38:35,940 INFO [main][RouteDefinitionRouteLocator.java:139] - Loaded RoutePredicateFactory [CloudFoundryRouteService]
2023-03-13 21:38:35,940 INFO [main][RouteDefinitionRouteLocator.java:139] - Loaded RoutePredicateFactory [CloudFoundryRouteService]
2023-03-13 21:38:36,093 DEBUG [com.alibaba.nacos.client.naming.updater][NacosRestTemplate.java:476] - HTTP method: GET, url: http://192.168.101.65:8848/nacos/v1/ns/instance/list?app=unknown&healthyOnly=false&namespaceId=dev39&clientIP=192.168.101.1&serviceName=xuecheng-plus-project%40%40gateway&udpPort=58470&clusters=DEFAULT, body: {}
2023-03-13 21:38:36,093 DEBUG [com.alibaba.nacos.client.naming.updater][NacosRestTemplate.java:476] - HTTP method: GET, url: http://192.168.101.65:8848/nacos/v1/ns/instance/list?app=unknown&healthyOnly=false&namespaceId=dev39&clientIP=192.168.101.1&serviceName=xuecheng-plus-project%40%40gateway&udpPort=58470&clusters=DEFAULT, body: {}
2023-03-13 21:38:36,103 INFO [SpringContextShutdownHook][PushReceiver.java:132] - com.alibaba.nacos.client.naming.core.PushReceiver do shutdown begin
2023-03-13 21:38:36,103 INFO [SpringContextShutdownHook][PushReceiver.java:132] - com.alibaba.nacos.client.naming.core.PushReceiver do shutdown begin
2023-03-13 21:38:36,400 INFO [main][ExecutorConfigurationSupport.java:181] - Initializing ExecutorService 'Nacos-Watch-Task-Scheduler'
2023-03-13 21:38:36,400 INFO [main][ExecutorConfigurationSupport.java:181] - Initializing ExecutorService 'Nacos-Watch-Task-Scheduler'
2023-03-13 21:38:38,900 INFO [main][InitUtils.java:65] - initializer namespace from System Property :null
2023-03-13 21:38:38,900 INFO [main][InitUtils.java:65] - initializer namespace from System Property :null
2023-03-13 21:38:38,902 INFO [main][InitUtils.java:74] - initializer namespace from System Environment :null
2023-03-13 21:38:38,902 INFO [main][InitUtils.java:74] - initializer namespace from System Environment :null
2023-03-13 21:38:38,903 INFO [main][InitUtils.java:84] - initializer namespace from System Property :null
2023-03-13 21:38:38,903 INFO [main][InitUtils.java:84] - initializer namespace from System Property :null
2023-03-13 21:38:38,911 DEBUG [main][NamingProxy.java:195] - server list provided by user: [192.168.101.65:8848]
2023-03-13 21:38:38,911 DEBUG [main][NamingProxy.java:195] - server list provided by user: [192.168.101.65:8848]
2023-03-13 21:38:38,913 DEBUG [com.alibaba.nacos.client.naming.updater][NamingProxy.java:195] - server list provided by user: [192.168.101.65:8848]
2023-03-13 21:38:38,913 DEBUG [com.alibaba.nacos.client.naming.updater][NamingProxy.java:195] - server list provided by user: [192.168.101.65:8848]
2023-03-13 21:38:38,921 DEBUG [com.alibaba.nacos.naming.failover][FailoverReactor.java:147] - failover switch is not found, failover00-00---000-VIPSRV_FAILOVER_SWITCH-000---00-00
2023-03-13 21:38:38,921 DEBUG [com.alibaba.nacos.naming.failover][FailoverReactor.java:147] - failover switch is not found, failover00-00---000-VIPSRV_FAILOVER_SWITCH-000---00-00
2023-03-13 21:38:38,933 DEBUG [main][HostReactor.java:306] - failover-mode: false
2023-03-13 21:38:38,933 DEBUG [main][HostReactor.java:306] - failover-mode: false
2023-03-13 21:38:38,936 DEBUG [main][NacosRestTemplate.java:476] - HTTP method: GET, url: http://192.168.101.65:8848/nacos/v1/ns/instance/list?app=unknown&healthyOnly=false&namespaceId=dev39&clientIP=192.168.101.1&serviceName=xuecheng-plus-project%40%40gateway&udpPort=58471&clusters=DEFAULT, body: {}
2023-03-13 21:38:38,936 DEBUG [main][NacosRestTemplate.java:476] - HTTP method: GET, url: http://192.168.101.65:8848/nacos/v1/ns/instance/list?app=unknown&healthyOnly=false&namespaceId=dev39&clientIP=192.168.101.1&serviceName=xuecheng-plus-project%40%40gateway&udpPort=58471&clusters=DEFAULT, body: {}
2023-03-13 21:38:39,127 INFO [SpringContextShutdownHook][PushReceiver.java:136] - com.alibaba.nacos.client.naming.core.PushReceiver do shutdown stop
2023-03-13 21:38:39,127 INFO [SpringContextShutdownHook][PushReceiver.java:136] - com.alibaba.nacos.client.naming.core.PushReceiver do shutdown stop
2023-03-13 21:38:39,127 INFO [SpringContextShutdownHook][FailoverReactor.java:132] - com.alibaba.nacos.client.naming.backups.FailoverReactor do shutdown begin
2023-03-13 21:38:39,127 INFO [SpringContextShutdownHook][FailoverReactor.java:132] - com.alibaba.nacos.client.naming.backups.FailoverReactor do shutdown begin
2023-03-13 21:38:39,195 INFO [main][StartupInfoLogger.java:61] - Started XuechengPlusGatewayApplicationTests in 13.029 seconds (JVM running for 15.702)
2023-03-13 21:38:39,195 INFO [main][StartupInfoLogger.java:61] - Started XuechengPlusGatewayApplicationTests in 13.029 seconds (JVM running for 15.702)
2023-03-13 21:38:39,209 INFO [main][ClientWorker.java:169] - [fixed-192.168.101.65_8848-dev39] [subscribe] gateway+xuecheng-plus-project+dev39
2023-03-13 21:38:39,209 INFO [main][ClientWorker.java:169] - [fixed-192.168.101.65_8848-dev39] [subscribe] gateway+xuecheng-plus-project+dev39
2023-03-13 21:38:39,212 INFO [main][CacheData.java:92] - [fixed-192.168.101.65_8848-dev39] [add-listener] ok, tenant=dev39, dataId=gateway, group=xuecheng-plus-project, cnt=1
2023-03-13 21:38:39,212 INFO [main][CacheData.java:92] - [fixed-192.168.101.65_8848-dev39] [add-listener] ok, tenant=dev39, dataId=gateway, group=xuecheng-plus-project, cnt=1
2023-03-13 21:38:39,217 INFO [main][ClientWorker.java:169] - [fixed-192.168.101.65_8848-dev39] [subscribe] gateway-dev.yaml+xuecheng-plus-project+dev39
2023-03-13 21:38:39,217 INFO [main][ClientWorker.java:169] - [fixed-192.168.101.65_8848-dev39] [subscribe] gateway-dev.yaml+xuecheng-plus-project+dev39
2023-03-13 21:38:39,218 INFO [main][CacheData.java:92] - [fixed-192.168.101.65_8848-dev39] [add-listener] ok, tenant=dev39, dataId=gateway-dev.yaml, group=xuecheng-plus-project, cnt=1
2023-03-13 21:38:39,218 INFO [main][CacheData.java:92] - [fixed-192.168.101.65_8848-dev39] [add-listener] ok, tenant=dev39, dataId=gateway-dev.yaml, group=xuecheng-plus-project, cnt=1
2023-03-13 21:38:39,222 INFO [main][ClientWorker.java:169] - [fixed-192.168.101.65_8848-dev39] [subscribe] logging-dev.yaml+xuecheng-plus-common+dev39
2023-03-13 21:38:39,222 INFO [main][ClientWorker.java:169] - [fixed-192.168.101.65_8848-dev39] [subscribe] logging-dev.yaml+xuecheng-plus-common+dev39
2023-03-13 21:38:39,223 INFO [main][CacheData.java:92] - [fixed-192.168.101.65_8848-dev39] [add-listener] ok, tenant=dev39, dataId=logging-dev.yaml, group=xuecheng-plus-common, cnt=1
2023-03-13 21:38:39,223 INFO [main][CacheData.java:92] - [fixed-192.168.101.65_8848-dev39] [add-listener] ok, tenant=dev39, dataId=logging-dev.yaml, group=xuecheng-plus-common, cnt=1
2023-03-13 21:38:39,224 INFO [main][ClientWorker.java:169] - [fixed-192.168.101.65_8848-dev39] [subscribe] gateway.yaml+xuecheng-plus-project+dev39
2023-03-13 21:38:39,224 INFO [main][ClientWorker.java:169] - [fixed-192.168.101.65_8848-dev39] [subscribe] gateway.yaml+xuecheng-plus-project+dev39
2023-03-13 21:38:39,225 INFO [main][CacheData.java:92] - [fixed-192.168.101.65_8848-dev39] [add-listener] ok, tenant=dev39, dataId=gateway.yaml, group=xuecheng-plus-project, cnt=1
2023-03-13 21:38:39,225 INFO [main][CacheData.java:92] - [fixed-192.168.101.65_8848-dev39] [add-listener] ok, tenant=dev39, dataId=gateway.yaml, group=xuecheng-plus-project, cnt=1
2023-03-13 21:38:39,227 DEBUG [com.alibaba.nacos.client.Worker.longPolling.fixed-192.168.101.65_8848-dev39][NacosRestTemplate.java:476] - HTTP method: POST, url: http://192.168.101.65:8848/nacos/v1/cs/configs/listener, body: {Listening-Configs=logging-dev.yamlxuecheng-plus-common93db0af0040302ef8aeb4b6f50616937dev39gateway.yamlxuecheng-plus-projectdev39gateway-dev.yamlxuecheng-plus-project0aa8d36f8c1ac49485e133f43f60481bdev39gatewayxuecheng-plus-projectdev39, tenant=dev39}
2023-03-13 21:38:39,227 DEBUG [com.alibaba.nacos.client.Worker.longPolling.fixed-192.168.101.65_8848-dev39][NacosRestTemplate.java:476] - HTTP method: POST, url: http://192.168.101.65:8848/nacos/v1/cs/configs/listener, body: {Listening-Configs=logging-dev.yamlxuecheng-plus-common93db0af0040302ef8aeb4b6f50616937dev39gateway.yamlxuecheng-plus-projectdev39gateway-dev.yamlxuecheng-plus-project0aa8d36f8c1ac49485e133f43f60481bdev39gatewayxuecheng-plus-projectdev39, tenant=dev39}
2023-03-13 21:38:39,228 DEBUG [com.alibaba.nacos.client.Worker.longPolling.fixed-192.168.101.65_8848-dev39][NacosRestTemplate.java:494] - Execute via interceptors :[com.alibaba.nacos.client.config.impl.ConfigHttpClientManager$LimiterHttpClientRequestInterceptor@2442a092]
2023-03-13 21:38:39,228 DEBUG [com.alibaba.nacos.client.Worker.longPolling.fixed-192.168.101.65_8848-dev39][NacosRestTemplate.java:494] - Execute via interceptors :[com.alibaba.nacos.client.config.impl.ConfigHttpClientManager$LimiterHttpClientRequestInterceptor@2442a092]
2023-03-13 21:38:39,245 DEBUG [com.alibaba.nacos.client.Worker.longPolling.fixed-192.168.101.65_8848-dev39][NacosRestTemplate.java:476] - HTTP method: POST, url: http://192.168.101.65:8848/nacos/v1/cs/configs/listener, body: {Listening-Configs=logging-dev.yamlxuecheng-plus-common93db0af0040302ef8aeb4b6f50616937dev39gateway.yamlxuecheng-plus-projectdev39gateway-dev.yamlxuecheng-plus-project0aa8d36f8c1ac49485e133f43f60481bdev39gatewayxuecheng-plus-projectdev39, tenant=dev39}
2023-03-13 21:38:39,245 DEBUG [com.alibaba.nacos.client.Worker.longPolling.fixed-192.168.101.65_8848-dev39][NacosRestTemplate.java:476] - HTTP method: POST, url: http://192.168.101.65:8848/nacos/v1/cs/configs/listener, body: {Listening-Configs=logging-dev.yamlxuecheng-plus-common93db0af0040302ef8aeb4b6f50616937dev39gateway.yamlxuecheng-plus-projectdev39gateway-dev.yamlxuecheng-plus-project0aa8d36f8c1ac49485e133f43f60481bdev39gatewayxuecheng-plus-projectdev39, tenant=dev39}
2023-03-13 21:38:39,246 DEBUG [com.alibaba.nacos.client.Worker.longPolling.fixed-192.168.101.65_8848-dev39][NacosRestTemplate.java:494] - Execute via interceptors :[com.alibaba.nacos.client.config.impl.ConfigHttpClientManager$LimiterHttpClientRequestInterceptor@2442a092]
2023-03-13 21:38:39,246 DEBUG [com.alibaba.nacos.client.Worker.longPolling.fixed-192.168.101.65_8848-dev39][NacosRestTemplate.java:494] - Execute via interceptors :[com.alibaba.nacos.client.config.impl.ConfigHttpClientManager$LimiterHttpClientRequestInterceptor@2442a092]
2023-03-13 21:38:39,604 WARN [Thread-13][NotifyCenter.java:145] - [NotifyCenter] Start destroying Publisher
2023-03-13 21:38:39,604 WARN [Thread-2][HttpClientBeanHolder.java:108] - [HttpClientBeanHolder] Start destroying common HttpClient
2023-03-13 21:38:39,604 WARN [Thread-13][NotifyCenter.java:145] - [NotifyCenter] Start destroying Publisher
2023-03-13 21:38:39,604 WARN [Thread-2][HttpClientBeanHolder.java:108] - [HttpClientBeanHolder] Start destroying common HttpClient
2023-03-13 21:38:39,604 WARN [Thread-13][NotifyCenter.java:162] - [NotifyCenter] Destruction of the end
2023-03-13 21:38:39,604 WARN [Thread-13][NotifyCenter.java:162] - [NotifyCenter] Destruction of the end
2023-03-13 21:38:39,605 WARN [Thread-2][HttpClientBeanHolder.java:114] - [HttpClientBeanHolder] Destruction of the end
2023-03-13 21:38:39,605 WARN [Thread-2][HttpClientBeanHolder.java:114] - [HttpClientBeanHolder] Destruction of the end
2023-03-13 21:38:39,606 INFO [SpringContextShutdownHook][ExecutorConfigurationSupport.java:218] - Shutting down ExecutorService 'Nacos-Watch-Task-Scheduler'
2023-03-13 21:38:39,606 INFO [SpringContextShutdownHook][ExecutorConfigurationSupport.java:218] - Shutting down ExecutorService 'Nacos-Watch-Task-Scheduler'
2023-03-13 21:38:39,609 INFO [SpringContextShutdownHook][BeatReactor.java:147] - com.alibaba.nacos.client.naming.beat.BeatReactor do shutdown begin
2023-03-13 21:38:39,609 INFO [SpringContextShutdownHook][BeatReactor.java:147] - com.alibaba.nacos.client.naming.beat.BeatReactor do shutdown begin
2023-03-13 21:38:39,610 INFO [SpringContextShutdownHook][BeatReactor.java:149] - com.alibaba.nacos.client.naming.beat.BeatReactor do shutdown stop
2023-03-13 21:38:39,610 INFO [SpringContextShutdownHook][BeatReactor.java:149] - com.alibaba.nacos.client.naming.beat.BeatReactor do shutdown stop
2023-03-13 21:38:39,611 INFO [SpringContextShutdownHook][HostReactor.java:413] - com.alibaba.nacos.client.naming.core.HostReactor do shutdown begin
2023-03-13 21:38:39,611 INFO [SpringContextShutdownHook][HostReactor.java:413] - com.alibaba.nacos.client.naming.core.HostReactor do shutdown begin
2023-03-13 21:38:40,033 DEBUG [com.alibaba.nacos.client.naming.updater][NacosRestTemplate.java:476] - HTTP method: GET, url: http://192.168.101.65:8848/nacos/v1/ns/instance/list?app=unknown&healthyOnly=false&namespaceId=dev39&clientIP=192.168.101.1&serviceName=xuecheng-plus-project%40%40gateway&udpPort=58471&clusters=DEFAULT, body: {}
2023-03-13 21:38:40,033 DEBUG [com.alibaba.nacos.client.naming.updater][NacosRestTemplate.java:476] - HTTP method: GET, url: http://192.168.101.65:8848/nacos/v1/ns/instance/list?app=unknown&healthyOnly=false&namespaceId=dev39&clientIP=192.168.101.1&serviceName=xuecheng-plus-project%40%40gateway&udpPort=58471&clusters=DEFAULT, body: {}
2023-03-13 21:38:40,039 INFO [SpringContextShutdownHook][PushReceiver.java:132] - com.alibaba.nacos.client.naming.core.PushReceiver do shutdown begin
2023-03-13 21:38:40,039 INFO [SpringContextShutdownHook][PushReceiver.java:132] - com.alibaba.nacos.client.naming.core.PushReceiver do shutdown begin
2023-03-13 21:38:42,167 INFO [SpringContextShutdownHook][FailoverReactor.java:134] - com.alibaba.nacos.client.naming.backups.FailoverReactor do shutdown stop
2023-03-13 21:38:42,167 INFO [SpringContextShutdownHook][FailoverReactor.java:134] - com.alibaba.nacos.client.naming.backups.FailoverReactor do shutdown stop
2023-03-13 21:38:42,167 INFO [SpringContextShutdownHook][HostReactor.java:418] - com.alibaba.nacos.client.naming.core.HostReactor do shutdown stop
2023-03-13 21:38:42,167 INFO [SpringContextShutdownHook][HostReactor.java:418] - com.alibaba.nacos.client.naming.core.HostReactor do shutdown stop
2023-03-13 21:38:42,169 INFO [SpringContextShutdownHook][NamingProxy.java:719] - com.alibaba.nacos.client.naming.net.NamingProxy do shutdown begin
2023-03-13 21:38:42,169 INFO [SpringContextShutdownHook][NamingProxy.java:719] - com.alibaba.nacos.client.naming.net.NamingProxy do shutdown begin
2023-03-13 21:38:42,169 WARN [SpringContextShutdownHook][NamingHttpClientManager.java:72] - [NamingHttpClientManager] Start destroying NacosRestTemplate
2023-03-13 21:38:42,169 WARN [SpringContextShutdownHook][NamingHttpClientManager.java:72] - [NamingHttpClientManager] Start destroying NacosRestTemplate
2023-03-13 21:38:42,170 WARN [SpringContextShutdownHook][NamingHttpClientManager.java:79] - [NamingHttpClientManager] Destruction of the end
2023-03-13 21:38:42,170 WARN [SpringContextShutdownHook][NamingHttpClientManager.java:79] - [NamingHttpClientManager] Destruction of the end
2023-03-13 21:38:42,171 INFO [SpringContextShutdownHook][CredentialWatcher.java:105] - [null] CredentialWatcher is stopped
2023-03-13 21:38:42,171 INFO [SpringContextShutdownHook][CredentialWatcher.java:105] - [null] CredentialWatcher is stopped
2023-03-13 21:38:42,171 INFO [SpringContextShutdownHook][CredentialService.java:98] - [null] CredentialService is freed
2023-03-13 21:38:42,171 INFO [SpringContextShutdownHook][CredentialService.java:98] - [null] CredentialService is freed
2023-03-13 21:38:42,172 INFO [SpringContextShutdownHook][NamingProxy.java:723] - com.alibaba.nacos.client.naming.net.NamingProxy do shutdown stop
2023-03-13 21:38:42,172 INFO [SpringContextShutdownHook][NamingProxy.java:723] - com.alibaba.nacos.client.naming.net.NamingProxy do shutdown stop
2023-03-13 21:38:43,058 INFO [SpringContextShutdownHook][PushReceiver.java:136] - com.alibaba.nacos.client.naming.core.PushReceiver do shutdown stop
2023-03-13 21:38:43,058 INFO [SpringContextShutdownHook][PushReceiver.java:136] - com.alibaba.nacos.client.naming.core.PushReceiver do shutdown stop
2023-03-13 21:38:43,060 INFO [SpringContextShutdownHook][FailoverReactor.java:132] - com.alibaba.nacos.client.naming.backups.FailoverReactor do shutdown begin
2023-03-13 21:38:43,060 INFO [SpringContextShutdownHook][FailoverReactor.java:132] - com.alibaba.nacos.client.naming.backups.FailoverReactor do shutdown begin
2023-03-13 21:38:46,078 INFO [SpringContextShutdownHook][FailoverReactor.java:134] - com.alibaba.nacos.client.naming.backups.FailoverReactor do shutdown stop
2023-03-13 21:38:46,078 INFO [SpringContextShutdownHook][FailoverReactor.java:134] - com.alibaba.nacos.client.naming.backups.FailoverReactor do shutdown stop
2023-03-13 21:38:46,078 INFO [SpringContextShutdownHook][HostReactor.java:418] - com.alibaba.nacos.client.naming.core.HostReactor do shutdown stop
2023-03-13 21:38:46,078 INFO [SpringContextShutdownHook][HostReactor.java:418] - com.alibaba.nacos.client.naming.core.HostReactor do shutdown stop
2023-03-13 21:38:46,078 INFO [SpringContextShutdownHook][NamingProxy.java:719] - com.alibaba.nacos.client.naming.net.NamingProxy do shutdown begin
2023-03-13 21:38:46,078 INFO [SpringContextShutdownHook][NamingProxy.java:719] - com.alibaba.nacos.client.naming.net.NamingProxy do shutdown begin
2023-03-13 21:38:46,080 WARN [SpringContextShutdownHook][NamingHttpClientManager.java:72] - [NamingHttpClientManager] Start destroying NacosRestTemplate
2023-03-13 21:38:46,080 WARN [SpringContextShutdownHook][NamingHttpClientManager.java:72] - [NamingHttpClientManager] Start destroying NacosRestTemplate
2023-03-13 21:38:46,081 WARN [SpringContextShutdownHook][NamingHttpClientManager.java:79] - [NamingHttpClientManager] Destruction of the end
2023-03-13 21:38:46,081 WARN [SpringContextShutdownHook][NamingHttpClientManager.java:79] - [NamingHttpClientManager] Destruction of the end
2023-03-13 21:38:46,081 INFO [SpringContextShutdownHook][CredentialWatcher.java:105] - [null] CredentialWatcher is stopped
2023-03-13 21:38:46,081 INFO [SpringContextShutdownHook][CredentialWatcher.java:105] - [null] CredentialWatcher is stopped
2023-03-13 21:38:46,082 INFO [SpringContextShutdownHook][CredentialService.java:98] - [null] CredentialService is freed
2023-03-13 21:38:46,082 INFO [SpringContextShutdownHook][CredentialService.java:98] - [null] CredentialService is freed
2023-03-13 21:38:46,082 INFO [SpringContextShutdownHook][NamingProxy.java:723] - com.alibaba.nacos.client.naming.net.NamingProxy do shutdown stop
2023-03-13 21:38:46,082 INFO [SpringContextShutdownHook][NamingProxy.java:723] - com.alibaba.nacos.client.naming.net.NamingProxy do shutdown stop
