2023-03-24 23:41:52,533 INFO o.a.j.u.JMeterUtils: Setting Locale to zh_CN
2023-03-24 23:41:52,547 INFO o.a.j.JMeter: Loading user properties from: user.properties
2023-03-24 23:41:52,547 INFO o.a.j.JMeter: Loading system properties from: system.properties
2023-03-24 23:41:52,556 INFO o.a.j.JMeter: Copyright (c) 1998-2022 The Apache Software Foundation
2023-03-24 23:41:52,556 INFO o.a.j.JMeter: Version 5.5
2023-03-24 23:41:52,556 INFO o.a.j.JMeter: java.version=1.8.0_221
2023-03-24 23:41:52,556 INFO o.a.j.JMeter: java.vm.name=Java HotSpot(TM) 64-Bit Server VM
2023-03-24 23:41:52,556 INFO o.a.j.JMeter: os.name=Windows 10
2023-03-24 23:41:52,556 INFO o.a.j.JMeter: os.arch=amd64
2023-03-24 23:41:52,556 INFO o.a.j.JMeter: os.version=10.0
2023-03-24 23:41:52,556 INFO o.a.j.JMeter: file.encoding=GBK
2023-03-24 23:41:52,556 INFO o.a.j.JMeter: java.awt.headless=null
2023-03-24 23:41:52,556 INFO o.a.j.JMeter: Max memory     =2147483648
2023-03-24 23:41:52,556 INFO o.a.j.JMeter: Available Processors =16
2023-03-24 23:41:52,561 INFO o.a.j.JMeter: Default Locale=English (EN)
2023-03-24 23:41:52,561 INFO o.a.j.JMeter: JMeter  Locale=Chinese (China)
2023-03-24 23:41:52,561 INFO o.a.j.JMeter: JMeterHome=D:\Projects\xuecheng-plus-project\apache-jmeter-5.5
2023-03-24 23:41:52,561 INFO o.a.j.JMeter: user.dir  =D:\Projects\xuecheng-plus-project\apache-jmeter-5.5\bin
2023-03-24 23:41:52,562 INFO o.a.j.JMeter: PWD       =D:\Projects\xuecheng-plus-project\apache-jmeter-5.5\bin
2023-03-24 23:41:52,563 INFO o.a.j.JMeter: IP: 192.168.101.1 Name: LAPTOP-P89JUCH2 FullName: LAPTOP-P89JUCH2
2023-03-24 23:41:52,578 INFO o.a.j.JMeter: Loaded icon properties from org/apache/jmeter/images/icon.properties
2023-03-24 23:41:52,742 INFO o.a.j.JMeterGuiLauncher: Setting LAF to: com.github.weisj.darklaf.DarkLaf:com.github.weisj.darklaf.theme.DarculaTheme
