2022-10-22 10:28:46,590 INFO o.a.j.u.JMeterUtils: Setting Locale to en_EN
2022-10-22 10:28:46,600 INFO o.a.j.JMeter: Loading user properties from: user.properties
2022-10-22 10:28:46,601 INFO o.a.j.JMeter: Loading system properties from: system.properties
2022-10-22 10:28:46,607 INFO o.a.j.JMeter: Copyright (c) 1998-2022 The Apache Software Foundation
2022-10-22 10:28:46,607 INFO o.a.j.JMeter: Version 5.5
2022-10-22 10:28:46,607 INFO o.a.j.JMeter: java.version=1.8.0_171
2022-10-22 10:28:46,607 INFO o.a.j.JMeter: java.vm.name=Java HotSpot(TM) 64-Bit Server VM
2022-10-22 10:28:46,607 INFO o.a.j.JMeter: os.name=Windows 10
2022-10-22 10:28:46,607 INFO o.a.j.JMeter: os.arch=amd64
2022-10-22 10:28:46,607 INFO o.a.j.JMeter: os.version=10.0
2022-10-22 10:28:46,610 INFO o.a.j.JMeter: file.encoding=GBK
2022-10-22 10:28:46,610 INFO o.a.j.JMeter: java.awt.headless=true
2022-10-22 10:28:46,610 INFO o.a.j.JMeter: Max memory     =1073741824
2022-10-22 10:28:46,610 INFO o.a.j.JMeter: Available Processors =8
2022-10-22 10:28:46,613 INFO o.a.j.JMeter: Default Locale=English (EN)
2022-10-22 10:28:46,614 INFO o.a.j.JMeter: JMeter  Locale=English (EN)
2022-10-22 10:28:46,614 INFO o.a.j.JMeter: JMeterHome=D:\soft\apache-jmeter-5.5
2022-10-22 10:28:46,614 INFO o.a.j.JMeter: user.dir  =D:\soft\apache-jmeter-5.5\bin
2022-10-22 10:28:46,614 INFO o.a.j.JMeter: PWD       =D:\soft\apache-jmeter-5.5\bin
2022-10-22 10:28:46,615 INFO o.a.j.JMeter: IP: 192.168.31.84 Name: LAPTOP-SO67PUBR FullName: LAPTOP-SO67PUBR
2022-10-22 10:28:46,639 INFO o.a.j.r.RmiUtils: System property 'java.rmi.server.hostname' is not defined, using localHost address
2022-10-22 10:28:46,640 INFO o.a.j.r.RmiUtils: Local IP address=192.168.31.84
2022-10-22 10:28:47,088 ERROR o.a.j.JMeter: Giving up, as server failed with:
java.rmi.server.ExportException: Listen failed on port: 0; nested exception is: 
	java.io.FileNotFoundException: rmi_keystore.jks (系统找不到指定的文件。)
	at sun.rmi.transport.tcp.TCPTransport.listen(Unknown Source) ~[?:1.8.0_171]
	at sun.rmi.transport.tcp.TCPTransport.exportObject(Unknown Source) ~[?:1.8.0_171]
	at sun.rmi.transport.tcp.TCPEndpoint.exportObject(Unknown Source) ~[?:1.8.0_171]
	at sun.rmi.transport.LiveRef.exportObject(Unknown Source) ~[?:1.8.0_171]
	at sun.rmi.server.UnicastServerRef.exportObject(Unknown Source) ~[?:1.8.0_171]
	at java.rmi.server.UnicastRemoteObject.exportObject(Unknown Source) ~[?:1.8.0_171]
	at java.rmi.server.UnicastRemoteObject.exportObject(Unknown Source) ~[?:1.8.0_171]
	at java.rmi.server.UnicastRemoteObject.<init>(Unknown Source) ~[?:1.8.0_171]
	at org.apache.jmeter.engine.RemoteJMeterEngineImpl.<init>(RemoteJMeterEngineImpl.java:68) ~[ApacheJMeter_core.jar:5.5]
	at org.apache.jmeter.engine.RemoteJMeterEngineImpl.startServer(RemoteJMeterEngineImpl.java:74) ~[ApacheJMeter_core.jar:5.5]
	at org.apache.jmeter.JMeter.start(JMeter.java:441) ~[ApacheJMeter_core.jar:5.5]
	at sun.reflect.NativeMethodAccessorImpl.invoke0(Native Method) ~[?:1.8.0_171]
	at sun.reflect.NativeMethodAccessorImpl.invoke(Unknown Source) ~[?:1.8.0_171]
	at sun.reflect.DelegatingMethodAccessorImpl.invoke(Unknown Source) ~[?:1.8.0_171]
	at java.lang.reflect.Method.invoke(Unknown Source) ~[?:1.8.0_171]
	at org.apache.jmeter.NewDriver.main(NewDriver.java:259) ~[ApacheJMeter.jar:5.5]
Caused by: java.io.FileNotFoundException: rmi_keystore.jks (系统找不到指定的文件。)
	at java.io.FileInputStream.open0(Native Method) ~[?:1.8.0_171]
	at java.io.FileInputStream.open(Unknown Source) ~[?:1.8.0_171]
	at java.io.FileInputStream.<init>(Unknown Source) ~[?:1.8.0_171]
	at java.io.FileInputStream.<init>(Unknown Source) ~[?:1.8.0_171]
	at org.apache.jmeter.rmi.SSLRMIServerSocketFactory.loadStore(SSLRMIServerSocketFactory.java:147) ~[ApacheJMeter_core.jar:5.5]
	at org.apache.jmeter.rmi.SSLRMIServerSocketFactory.createServerSocket(SSLRMIServerSocketFactory.java:99) ~[ApacheJMeter_core.jar:5.5]
	at sun.rmi.transport.tcp.TCPEndpoint.newServerSocket(Unknown Source) ~[?:1.8.0_171]
	... 16 more
2022-10-22 10:28:47,091 ERROR o.a.j.JMeter: An error occurred: 
java.rmi.server.ExportException: Listen failed on port: 0; nested exception is: 
	java.io.FileNotFoundException: rmi_keystore.jks (系统找不到指定的文件。)
	at sun.rmi.transport.tcp.TCPTransport.listen(Unknown Source) ~[?:1.8.0_171]
	at sun.rmi.transport.tcp.TCPTransport.exportObject(Unknown Source) ~[?:1.8.0_171]
	at sun.rmi.transport.tcp.TCPEndpoint.exportObject(Unknown Source) ~[?:1.8.0_171]
	at sun.rmi.transport.LiveRef.exportObject(Unknown Source) ~[?:1.8.0_171]
	at sun.rmi.server.UnicastServerRef.exportObject(Unknown Source) ~[?:1.8.0_171]
	at java.rmi.server.UnicastRemoteObject.exportObject(Unknown Source) ~[?:1.8.0_171]
	at java.rmi.server.UnicastRemoteObject.exportObject(Unknown Source) ~[?:1.8.0_171]
	at java.rmi.server.UnicastRemoteObject.<init>(Unknown Source) ~[?:1.8.0_171]
	at org.apache.jmeter.engine.RemoteJMeterEngineImpl.<init>(RemoteJMeterEngineImpl.java:68) ~[ApacheJMeter_core.jar:5.5]
	at org.apache.jmeter.engine.RemoteJMeterEngineImpl.startServer(RemoteJMeterEngineImpl.java:74) ~[ApacheJMeter_core.jar:5.5]
	at org.apache.jmeter.JMeter.start(JMeter.java:441) ~[ApacheJMeter_core.jar:5.5]
	at sun.reflect.NativeMethodAccessorImpl.invoke0(Native Method) ~[?:1.8.0_171]
	at sun.reflect.NativeMethodAccessorImpl.invoke(Unknown Source) ~[?:1.8.0_171]
	at sun.reflect.DelegatingMethodAccessorImpl.invoke(Unknown Source) ~[?:1.8.0_171]
	at java.lang.reflect.Method.invoke(Unknown Source) ~[?:1.8.0_171]
	at org.apache.jmeter.NewDriver.main(NewDriver.java:259) ~[ApacheJMeter.jar:5.5]
Caused by: java.io.FileNotFoundException: rmi_keystore.jks (系统找不到指定的文件。)
	at java.io.FileInputStream.open0(Native Method) ~[?:1.8.0_171]
	at java.io.FileInputStream.open(Unknown Source) ~[?:1.8.0_171]
	at java.io.FileInputStream.<init>(Unknown Source) ~[?:1.8.0_171]
	at java.io.FileInputStream.<init>(Unknown Source) ~[?:1.8.0_171]
	at org.apache.jmeter.rmi.SSLRMIServerSocketFactory.loadStore(SSLRMIServerSocketFactory.java:147) ~[ApacheJMeter_core.jar:5.5]
	at org.apache.jmeter.rmi.SSLRMIServerSocketFactory.createServerSocket(SSLRMIServerSocketFactory.java:99) ~[ApacheJMeter_core.jar:5.5]
	at sun.rmi.transport.tcp.TCPEndpoint.newServerSocket(Unknown Source) ~[?:1.8.0_171]
	... 16 more
