2023-03-09 22:57:16,483 ERROR [main][LoggingFailureAnalysisReporter.java:40] - 

***************************
APPLICATION FAILED TO START
***************************

Description:

Web server failed to start. Port 63040 was already in use.

Action:

Identify and stop the process that's listening on port 63040 or configure this application to listen on another port.

2023-03-09 22:57:20,803 ERROR [main][LoggingFailureAnalysisReporter.java:40] - 

***************************
APPLICATION FAILED TO START
***************************

Description:

Web server failed to start. Port 63040 was already in use.

Action:

Identify and stop the process that's listening on port 63040 or configure this application to listen on another port.

2023-03-09 22:58:24,546 ERROR [main][LoggingFailureAnalysisReporter.java:40] - 

***************************
APPLICATION FAILED TO START
***************************

Description:

Web server failed to start. Port 63939 was already in use.

Action:

Identify and stop the process that's listening on port 63939 or configure this application to listen on another port.

